[1014/141643.548:INFO:CONSOLE(123)] "Event handler of 'x-storagemutated-1' event must be added on the initial evaluation of worker script.", source: https://static.whatsapp.net/rsrc.php/v3/y4/r/qOz6qm5rJ33.js (123)
[1014/141644.454:INFO:CONSOLE(0)] "Error with Permissions-Policy header: Feature xr-spatial-tracking's parameters are ignored.", source:  (0)
[1014/141644.455:INFO:CONSOLE(0)] "Error with Permissions-Policy header: Origin trial controlled feature not enabled: 'attribution-reporting'.", source:  (0)
[1014/141644.455:INFO:CONSOLE(0)] "Error with Permissions-Policy header: Unrecognized feature: 'compute-pressure'.", source:  (0)
[1014/141644.455:INFO:CONSOLE(0)] "Error with Permissions-Policy header: Origin trial controlled feature not enabled: 'interest-cohort'.", source:  (0)
[1014/141644.455:INFO:CONSOLE(0)] "Error with Permissions-Policy header: Unrecognized feature: 'private-state-token-issuance'.", source:  (0)
[1014/141644.455:INFO:CONSOLE(0)] "Error with Permissions-Policy header: Origin trial controlled feature not enabled: 'shared-storage'.", source:  (0)
[1014/141644.455:INFO:CONSOLE(0)] "Error with Permissions-Policy header: Unrecognized feature: 'shared-storage-select-url'.", source:  (0)
[1014/141644.456:INFO:CONSOLE(0)] "Error with Permissions-Policy header: Unrecognized feature: 'private-state-token-redemption'.", source:  (0)
[1014/141644.456:INFO:CONSOLE(0)] "Error with Permissions-Policy header: Unrecognized feature: 'unload'.", source:  (0)
[1014/141644.456:INFO:CONSOLE(0)] "Error with Permissions-Policy header: Unrecognized feature: 'window-management'.", source:  (0)
[1014/141646.965:INFO:CONSOLE(123)] "Event handler of 'x-storagemutated-1' event must be added on the initial evaluation of worker script.", source: https://static.whatsapp.net/rsrc.php/v3/y4/r/qOz6qm5rJ33.js (123)
[1014/141649.971:INFO:CONSOLE(343)] "WAWebLoggerWorker initialized", source: https://static.whatsapp.net/rsrc.php/v3/yu/r/tHmilJJWooZ.js (343)
[1014/141649.976:INFO:CONSOLE(343)] "[storage] start setSchemaVersions from fts worker interface", source: https://static.whatsapp.net/rsrc.php/v3/yu/r/tHmilJJWooZ.js (343)
[1014/141649.976:INFO:CONSOLE(343)] "[storage] set schema versions: [model-storage,159,fts-storage,8,jobs-storage,1,lru-media-storage-idb,2,offd-storage,4,qpl-storage,0,signal-storage,6,worker-storage,1,sw,2,wawc,14,wawc_db_enc,2]. is worker? true", source: https://static.whatsapp.net/rsrc.php/v3/yu/r/tHmilJJWooZ.js (343)
[1014/141653.870:INFO:CONSOLE(343)] "FTS:Delegate: start indexer", source: https://static.whatsapp.net/rsrc.php/v3/yu/r/tHmilJJWooZ.js (343)
[1014/141653.870:INFO:CONSOLE(343)] "FTS:Delegate: start perform init", source: https://static.whatsapp.net/rsrc.php/v3/yu/r/tHmilJJWooZ.js (343)
[1014/141653.870:INFO:CONSOLE(343)] "FTS:Delegate: schema versions ready", source: https://static.whatsapp.net/rsrc.php/v3/yu/r/tHmilJJWooZ.js (343)
[1014/141653.870:INFO:CONSOLE(343)] "FTS:Delegate: before db initialization", source: https://static.whatsapp.net/rsrc.php/v3/yu/r/tHmilJJWooZ.js (343)
[1014/141653.872:INFO:CONSOLE(343)] "[storage] applying schema versions from [0 to 8] for the database: 'fts-storage'", source: https://static.whatsapp.net/rsrc.php/v3/yu/r/tHmilJJWooZ.js (343)
[1014/141653.923:INFO:CONSOLE(343)] "[storage] applying schema versions from [0 to 159] for the database: 'model-storage'", source: https://static.whatsapp.net/rsrc.php/v3/yu/r/tHmilJJWooZ.js (343)
[1014/141658.218:INFO:CONSOLE(343)] "FTS:Delegate: after db initialization", source: https://static.whatsapp.net/rsrc.php/v3/yu/r/tHmilJJWooZ.js (343)
[1014/141658.223:INFO:CONSOLE(343)] "FTS:Manifest Writer: No changes made, current:['3.1', '1'], latest:['3.1', '1']", source: https://static.whatsapp.net/rsrc.php/v3/yu/r/tHmilJJWooZ.js (343)
[1014/141658.225:INFO:CONSOLE(343)] "FTS:Delegate: Inited", source: https://static.whatsapp.net/rsrc.php/v3/yu/r/tHmilJJWooZ.js (343)
[1014/141658.225:INFO:CONSOLE(343)] "FTS:Delegate: Init indexing ops", source: https://static.whatsapp.net/rsrc.php/v3/yu/r/tHmilJJWooZ.js (343)
[1014/141658.246:INFO:CONSOLE(343)] "FTS:Indexer:indexQueuedBatch: Starting new batch size : 1000", source: https://static.whatsapp.net/rsrc.php/v3/yu/r/tHmilJJWooZ.js (343)
[1014/141658.250:INFO:CONSOLE(343)] "FTS:Indexer:indexQueuedBatch: Completed", source: https://static.whatsapp.net/rsrc.php/v3/yu/r/tHmilJJWooZ.js (343)
[1014/141824.055:INFO:CONSOLE(343)] "FTS:Indexer:indexQueuedBatch: Starting new batch size : 1000", source: https://static.whatsapp.net/rsrc.php/v3/yu/r/tHmilJJWooZ.js (343)
[1014/141824.122:INFO:CONSOLE(343)] "FTS:Indexer:indexQueuedBatch: Completed batch", source: https://static.whatsapp.net/rsrc.php/v3/yu/r/tHmilJJWooZ.js (343)
[1014/141824.122:INFO:CONSOLE(343)] "FTS:Indexer:indexQueuedBatch: Completed", source: https://static.whatsapp.net/rsrc.php/v3/yu/r/tHmilJJWooZ.js (343)
[1014/142026.392:INFO:CONSOLE(343)] "FTS:Indexer:indexQueuedBatch: Starting new batch size : 1000", source: https://static.whatsapp.net/rsrc.php/v3/yu/r/tHmilJJWooZ.js (343)
[1014/142026.393:INFO:CONSOLE(343)] "FTS:Indexer:indexQueuedBatch: Completed batch", source: https://static.whatsapp.net/rsrc.php/v3/yu/r/tHmilJJWooZ.js (343)
[1014/142026.393:INFO:CONSOLE(343)] "FTS:Indexer:indexQueuedBatch: Completed", source: https://static.whatsapp.net/rsrc.php/v3/yu/r/tHmilJJWooZ.js (343)
[1014/142038.369:INFO:CONSOLE(343)] "FTS:Indexer:indexQueuedBatch: Starting new batch size : 1000", source: https://static.whatsapp.net/rsrc.php/v3/yu/r/tHmilJJWooZ.js (343)
[1014/142038.383:INFO:CONSOLE(343)] "FTS:Indexer:indexQueuedBatch: Completed batch", source: https://static.whatsapp.net/rsrc.php/v3/yu/r/tHmilJJWooZ.js (343)
[1014/142038.389:INFO:CONSOLE(343)] "FTS:Indexer:indexQueuedBatch: Completed", source: https://static.whatsapp.net/rsrc.php/v3/yu/r/tHmilJJWooZ.js (343)
[1014/142039.045:INFO:CONSOLE(123)] "Event handler of 'x-storagemutated-1' event must be added on the initial evaluation of worker script.", source: https://static.whatsapp.net/rsrc.php/v3/y4/r/qOz6qm5rJ33.js (123)
[1014/142200.119:INFO:CONSOLE(343)] "FTS:Indexer:indexQueuedBatch: Starting new batch size : 1000", source: https://static.whatsapp.net/rsrc.php/v3/yu/r/tHmilJJWooZ.js (343)
[1014/142200.170:INFO:CONSOLE(343)] "FTS:Indexer:indexQueuedBatch: Completed batch", source: https://static.whatsapp.net/rsrc.php/v3/yu/r/tHmilJJWooZ.js (343)
[1014/142200.171:INFO:CONSOLE(343)] "FTS:Indexer:indexQueuedBatch: Completed", source: https://static.whatsapp.net/rsrc.php/v3/yu/r/tHmilJJWooZ.js (343)
[1014/142354.535:INFO:CONSOLE(343)] "FTS:Indexer:indexQueuedBatch: Starting new batch size : 1000", source: https://static.whatsapp.net/rsrc.php/v3/yu/r/tHmilJJWooZ.js (343)
[1014/142354.546:INFO:CONSOLE(343)] "FTS:Indexer:indexQueuedBatch: Completed batch", source: https://static.whatsapp.net/rsrc.php/v3/yu/r/tHmilJJWooZ.js (343)
[1014/142354.553:INFO:CONSOLE(343)] "FTS:Indexer:indexQueuedBatch: Completed", source: https://static.whatsapp.net/rsrc.php/v3/yu/r/tHmilJJWooZ.js (343)
[1014/142355.192:INFO:CONSOLE(123)] "Event handler of 'x-storagemutated-1' event must be added on the initial evaluation of worker script.", source: https://static.whatsapp.net/rsrc.php/v3/y4/r/qOz6qm5rJ33.js (123)
[1014/142441.574:INFO:CONSOLE(343)] "FTS:Indexer:indexQueuedBatch: Starting new batch size : 1000", source: https://static.whatsapp.net/rsrc.php/v3/yu/r/tHmilJJWooZ.js (343)
[1014/142441.575:INFO:CONSOLE(343)] "FTS:Indexer:indexQueuedBatch: Completed", source: https://static.whatsapp.net/rsrc.php/v3/yu/r/tHmilJJWooZ.js (343)
[1014/142442.075:INFO:CONSOLE(123)] "Event handler of 'x-storagemutated-1' event must be added on the initial evaluation of worker script.", source: https://static.whatsapp.net/rsrc.php/v3/y4/r/qOz6qm5rJ33.js (123)
[1014/142454.143:INFO:CONSOLE(343)] "FTS:Indexer:indexQueuedBatch: Starting new batch size : 1000", source: https://static.whatsapp.net/rsrc.php/v3/yu/r/tHmilJJWooZ.js (343)
[1014/142454.155:INFO:CONSOLE(343)] "FTS:Indexer:indexQueuedBatch: Completed", source: https://static.whatsapp.net/rsrc.php/v3/yu/r/tHmilJJWooZ.js (343)
[1014/142525.041:INFO:CONSOLE(343)] "FTS:Indexer:indexQueuedBatch: Starting new batch size : 1000", source: https://static.whatsapp.net/rsrc.php/v3/yu/r/tHmilJJWooZ.js (343)
[1014/142525.075:INFO:CONSOLE(343)] "FTS:Indexer:indexQueuedBatch: Completed batch", source: https://static.whatsapp.net/rsrc.php/v3/yu/r/tHmilJJWooZ.js (343)
[1014/142525.075:INFO:CONSOLE(343)] "FTS:Indexer:indexQueuedBatch: Completed", source: https://static.whatsapp.net/rsrc.php/v3/yu/r/tHmilJJWooZ.js (343)
[1014/142525.130:INFO:CONSOLE(343)] "FTS:Indexer:indexQueuedBatch: Starting new batch size : 1000", source: https://static.whatsapp.net/rsrc.php/v3/yu/r/tHmilJJWooZ.js (343)
[1014/142525.163:INFO:CONSOLE(343)] "FTS:Indexer:indexQueuedBatch: Completed batch", source: https://static.whatsapp.net/rsrc.php/v3/yu/r/tHmilJJWooZ.js (343)
[1014/142525.166:INFO:CONSOLE(343)] "FTS:Indexer:indexQueuedBatch: Completed", source: https://static.whatsapp.net/rsrc.php/v3/yu/r/tHmilJJWooZ.js (343)
[1014/142548.363:INFO:CONSOLE(343)] "FTS:Indexer:indexQueuedBatch: Starting new batch size : 1000", source: https://static.whatsapp.net/rsrc.php/v3/yu/r/tHmilJJWooZ.js (343)
[1014/142548.400:INFO:CONSOLE(343)] "FTS:Indexer:indexQueuedBatch: Completed", source: https://static.whatsapp.net/rsrc.php/v3/yu/r/tHmilJJWooZ.js (343)
[1014/142548.960:INFO:CONSOLE(123)] "Event handler of 'x-storagemutated-1' event must be added on the initial evaluation of worker script.", source: https://static.whatsapp.net/rsrc.php/v3/y4/r/qOz6qm5rJ33.js (123)
[1014/142604.973:INFO:CONSOLE(343)] "FTS:Indexer:indexQueuedBatch: Starting new batch size : 1000", source: https://static.whatsapp.net/rsrc.php/v3/yu/r/tHmilJJWooZ.js (343)
[1014/142604.973:INFO:CONSOLE(343)] "FTS:Indexer:indexQueuedBatch: Completed batch", source: https://static.whatsapp.net/rsrc.php/v3/yu/r/tHmilJJWooZ.js (343)
[1014/142604.973:INFO:CONSOLE(343)] "FTS:Indexer:indexQueuedBatch: Completed", source: https://static.whatsapp.net/rsrc.php/v3/yu/r/tHmilJJWooZ.js (343)
[1014/142605.028:INFO:CONSOLE(343)] "FTS:Indexer:indexQueuedBatch: Starting new batch size : 1000", source: https://static.whatsapp.net/rsrc.php/v3/yu/r/tHmilJJWooZ.js (343)
[1014/142605.066:INFO:CONSOLE(343)] "FTS:Indexer:indexQueuedBatch: Completed batch", source: https://static.whatsapp.net/rsrc.php/v3/yu/r/tHmilJJWooZ.js (343)
[1014/142605.066:INFO:CONSOLE(343)] "FTS:Indexer:indexQueuedBatch: Completed", source: https://static.whatsapp.net/rsrc.php/v3/yu/r/tHmilJJWooZ.js (343)
[1014/142625.505:INFO:CONSOLE(343)] "FTS:Indexer:indexQueuedBatch: Starting new batch size : 1000", source: https://static.whatsapp.net/rsrc.php/v3/yu/r/tHmilJJWooZ.js (343)
[1014/142625.544:INFO:CONSOLE(343)] "FTS:Indexer:indexQueuedBatch: Completed", source: https://static.whatsapp.net/rsrc.php/v3/yu/r/tHmilJJWooZ.js (343)
[1014/142626.120:INFO:CONSOLE(123)] "Event handler of 'x-storagemutated-1' event must be added on the initial evaluation of worker script.", source: https://static.whatsapp.net/rsrc.php/v3/y4/r/qOz6qm5rJ33.js (123)
[1014/151454.062:INFO:CONSOLE(123)] "Event handler of 'x-storagemutated-1' event must be added on the initial evaluation of worker script.", source: https://static.whatsapp.net/rsrc.php/v3/y4/r/qOz6qm5rJ33.js (123)
[1014/151455.717:INFO:CONSOLE(343)] "App reconnected to chatd, during same session", source: https://static.whatsapp.net/rsrc.php/v3/yu/r/tHmilJJWooZ.js (343)
[1014/170705.278:INFO:CONSOLE(343)] "FTS:Indexer:indexQueuedBatch: Starting new batch size : 1000", source: https://static.whatsapp.net/rsrc.php/v3/yu/r/tHmilJJWooZ.js (343)
[1014/170705.291:INFO:CONSOLE(343)] "FTS:Indexer:indexQueuedBatch: Completed batch", source: https://static.whatsapp.net/rsrc.php/v3/yu/r/tHmilJJWooZ.js (343)
[1014/170705.296:INFO:CONSOLE(343)] "FTS:Indexer:indexQueuedBatch: Completed", source: https://static.whatsapp.net/rsrc.php/v3/yu/r/tHmilJJWooZ.js (343)
[1014/170706.683:INFO:CONSOLE(343)] "FTS:Indexer:indexQueuedBatch: Starting new batch size : 1000", source: https://static.whatsapp.net/rsrc.php/v3/yu/r/tHmilJJWooZ.js (343)
[1014/170706.690:INFO:CONSOLE(343)] "FTS:Indexer:indexQueuedBatch: Completed batch", source: https://static.whatsapp.net/rsrc.php/v3/yu/r/tHmilJJWooZ.js (343)
[1014/170706.695:INFO:CONSOLE(343)] "FTS:Indexer:indexQueuedBatch: Completed", source: https://static.whatsapp.net/rsrc.php/v3/yu/r/tHmilJJWooZ.js (343)
[1014/173323.735:INFO:CONSOLE(343)] "FTS:Indexer:indexQueuedBatch: Starting new batch size : 1000", source: https://static.whatsapp.net/rsrc.php/v3/yu/r/tHmilJJWooZ.js (343)
[1014/173323.743:INFO:CONSOLE(343)] "FTS:Indexer:indexQueuedBatch: Completed", source: https://static.whatsapp.net/rsrc.php/v3/yu/r/tHmilJJWooZ.js (343)
[1014/173325.477:INFO:CONSOLE(123)] "Event handler of 'x-storagemutated-1' event must be added on the initial evaluation of worker script.", source: https://static.whatsapp.net/rsrc.php/v3/y4/r/qOz6qm5rJ33.js (123)
[1014/173406.834:INFO:CONSOLE(343)] "FTS:Indexer:indexQueuedBatch: Starting new batch size : 1000", source: https://static.whatsapp.net/rsrc.php/v3/yu/r/tHmilJJWooZ.js (343)
[1014/173406.875:INFO:CONSOLE(343)] "FTS:Indexer:indexQueuedBatch: Completed", source: https://static.whatsapp.net/rsrc.php/v3/yu/r/tHmilJJWooZ.js (343)
[1014/173423.177:INFO:CONSOLE(343)] "FTS:Indexer:indexQueuedBatch: Starting new batch size : 1000", source: https://static.whatsapp.net/rsrc.php/v3/yu/r/tHmilJJWooZ.js (343)
[1014/173423.216:INFO:CONSOLE(343)] "FTS:Indexer:indexQueuedBatch: Completed", source: https://static.whatsapp.net/rsrc.php/v3/yu/r/tHmilJJWooZ.js (343)
[1014/173450.405:INFO:CONSOLE(343)] "FTS:Indexer:indexQueuedBatch: Starting new batch size : 1000", source: https://static.whatsapp.net/rsrc.php/v3/yu/r/tHmilJJWooZ.js (343)
[1014/173450.441:INFO:CONSOLE(343)] "FTS:Indexer:indexQueuedBatch: Completed batch", source: https://static.whatsapp.net/rsrc.php/v3/yu/r/tHmilJJWooZ.js (343)
[1014/173450.441:INFO:CONSOLE(343)] "FTS:Indexer:indexQueuedBatch: Completed", source: https://static.whatsapp.net/rsrc.php/v3/yu/r/tHmilJJWooZ.js (343)
[1014/173504.587:INFO:CONSOLE(343)] "FTS:Indexer:indexQueuedBatch: Starting new batch size : 1000", source: https://static.whatsapp.net/rsrc.php/v3/yu/r/tHmilJJWooZ.js (343)
[1014/173504.624:INFO:CONSOLE(343)] "FTS:Indexer:indexQueuedBatch: Completed batch", source: https://static.whatsapp.net/rsrc.php/v3/yu/r/tHmilJJWooZ.js (343)
[1014/173504.624:INFO:CONSOLE(343)] "FTS:Indexer:indexQueuedBatch: Completed", source: https://static.whatsapp.net/rsrc.php/v3/yu/r/tHmilJJWooZ.js (343)
[1014/175111.981:INFO:CONSOLE(343)] "FTS:Indexer:indexQueuedBatch: Starting new batch size : 1000", source: https://static.whatsapp.net/rsrc.php/v3/yu/r/tHmilJJWooZ.js (343)
[1014/175111.989:INFO:CONSOLE(343)] "FTS:Indexer:indexQueuedBatch: Completed", source: https://static.whatsapp.net/rsrc.php/v3/yu/r/tHmilJJWooZ.js (343)
[1014/175112.449:INFO:CONSOLE(123)] "Event handler of 'x-storagemutated-1' event must be added on the initial evaluation of worker script.", source: https://static.whatsapp.net/rsrc.php/v3/y4/r/qOz6qm5rJ33.js (123)
[1014/180405.197:INFO:CONSOLE(343)] "FTS:Indexer:indexQueuedBatch: Starting new batch size : 1000", source: https://static.whatsapp.net/rsrc.php/v3/yu/r/tHmilJJWooZ.js (343)
[1014/180405.206:INFO:CONSOLE(343)] "FTS:Indexer:indexQueuedBatch: Completed batch", source: https://static.whatsapp.net/rsrc.php/v3/yu/r/tHmilJJWooZ.js (343)
[1014/180405.209:INFO:CONSOLE(343)] "FTS:Indexer:indexQueuedBatch: Completed", source: https://static.whatsapp.net/rsrc.php/v3/yu/r/tHmilJJWooZ.js (343)
[1014/180405.742:INFO:CONSOLE(123)] "Event handler of 'x-storagemutated-1' event must be added on the initial evaluation of worker script.", source: https://static.whatsapp.net/rsrc.php/v3/y4/r/qOz6qm5rJ33.js (123)
[1014/180521.459:INFO:CONSOLE(343)] "FTS:Indexer:indexQueuedBatch: Starting new batch size : 1000", source: https://static.whatsapp.net/rsrc.php/v3/yu/r/tHmilJJWooZ.js (343)
[1014/180521.491:INFO:CONSOLE(343)] "FTS:Indexer:indexQueuedBatch: Completed batch", source: https://static.whatsapp.net/rsrc.php/v3/yu/r/tHmilJJWooZ.js (343)
[1014/180521.491:INFO:CONSOLE(343)] "FTS:Indexer:indexQueuedBatch: Completed", source: https://static.whatsapp.net/rsrc.php/v3/yu/r/tHmilJJWooZ.js (343)
[1014/180530.150:INFO:CONSOLE(343)] "FTS:Indexer:indexQueuedBatch: Starting new batch size : 1000", source: https://static.whatsapp.net/rsrc.php/v3/yu/r/tHmilJJWooZ.js (343)
[1014/180530.191:INFO:CONSOLE(343)] "FTS:Indexer:indexQueuedBatch: Completed batch", source: https://static.whatsapp.net/rsrc.php/v3/yu/r/tHmilJJWooZ.js (343)
[1014/180530.191:INFO:CONSOLE(343)] "FTS:Indexer:indexQueuedBatch: Completed", source: https://static.whatsapp.net/rsrc.php/v3/yu/r/tHmilJJWooZ.js (343)
[1014/180647.346:INFO:CONSOLE(343)] "FTS:Indexer:indexQueuedBatch: Starting new batch size : 1000", source: https://static.whatsapp.net/rsrc.php/v3/yu/r/tHmilJJWooZ.js (343)
[1014/180647.385:INFO:CONSOLE(343)] "FTS:Indexer:indexQueuedBatch: Completed batch", source: https://static.whatsapp.net/rsrc.php/v3/yu/r/tHmilJJWooZ.js (343)
[1014/180647.385:INFO:CONSOLE(343)] "FTS:Indexer:indexQueuedBatch: Completed", source: https://static.whatsapp.net/rsrc.php/v3/yu/r/tHmilJJWooZ.js (343)
[1014/182203.688:INFO:CONSOLE(343)] "FTS:Indexer:indexQueuedBatch: Starting new batch size : 1000", source: https://static.whatsapp.net/rsrc.php/v3/yu/r/tHmilJJWooZ.js (343)
[1014/182203.696:INFO:CONSOLE(343)] "FTS:Indexer:indexQueuedBatch: Completed", source: https://static.whatsapp.net/rsrc.php/v3/yu/r/tHmilJJWooZ.js (343)
[1014/182204.137:INFO:CONSOLE(123)] "Event handler of 'x-storagemutated-1' event must be added on the initial evaluation of worker script.", source: https://static.whatsapp.net/rsrc.php/v3/y4/r/qOz6qm5rJ33.js (123)
[1014/182222.369:INFO:CONSOLE(343)] "FTS:Indexer:indexQueuedBatch: Starting new batch size : 1000", source: https://static.whatsapp.net/rsrc.php/v3/yu/r/tHmilJJWooZ.js (343)
[1014/182222.378:INFO:CONSOLE(343)] "FTS:Indexer:indexQueuedBatch: Completed", source: https://static.whatsapp.net/rsrc.php/v3/yu/r/tHmilJJWooZ.js (343)
[1014/182357.827:INFO:CONSOLE(343)] "FTS:Indexer:indexQueuedBatch: Starting new batch size : 1000", source: https://static.whatsapp.net/rsrc.php/v3/yu/r/tHmilJJWooZ.js (343)
[1014/182357.868:INFO:CONSOLE(343)] "FTS:Indexer:indexQueuedBatch: Completed", source: https://static.whatsapp.net/rsrc.php/v3/yu/r/tHmilJJWooZ.js (343)
[1014/182358.304:INFO:CONSOLE(123)] "Event handler of 'x-storagemutated-1' event must be added on the initial evaluation of worker script.", source: https://static.whatsapp.net/rsrc.php/v3/y4/r/qOz6qm5rJ33.js (123)
[1014/182414.645:INFO:CONSOLE(343)] "FTS:Indexer:indexQueuedBatch: Starting new batch size : 1000", source: https://static.whatsapp.net/rsrc.php/v3/yu/r/tHmilJJWooZ.js (343)
[1014/182414.680:INFO:CONSOLE(343)] "FTS:Indexer:indexQueuedBatch: Completed", source: https://static.whatsapp.net/rsrc.php/v3/yu/r/tHmilJJWooZ.js (343)
[1014/182538.938:INFO:CONSOLE(343)] "FTS:Indexer:indexQueuedBatch: Starting new batch size : 1000", source: https://static.whatsapp.net/rsrc.php/v3/yu/r/tHmilJJWooZ.js (343)
[1014/182538.975:INFO:CONSOLE(343)] "FTS:Indexer:indexQueuedBatch: Completed", source: https://static.whatsapp.net/rsrc.php/v3/yu/r/tHmilJJWooZ.js (343)
[1014/182539.430:INFO:CONSOLE(123)] "Event handler of 'x-storagemutated-1' event must be added on the initial evaluation of worker script.", source: https://static.whatsapp.net/rsrc.php/v3/y4/r/qOz6qm5rJ33.js (123)
[1014/182634.380:INFO:CONSOLE(343)] "FTS:Indexer:indexQueuedBatch: Starting new batch size : 1000", source: https://static.whatsapp.net/rsrc.php/v3/yu/r/tHmilJJWooZ.js (343)
[1014/182634.381:INFO:CONSOLE(343)] "FTS:Indexer:indexQueuedBatch: Completed", source: https://static.whatsapp.net/rsrc.php/v3/yu/r/tHmilJJWooZ.js (343)
[1014/182731.390:INFO:CONSOLE(343)] "FTS:Indexer:indexQueuedBatch: Starting new batch size : 1000", source: https://static.whatsapp.net/rsrc.php/v3/yu/r/tHmilJJWooZ.js (343)
[1014/182731.390:INFO:CONSOLE(343)] "FTS:Indexer:indexQueuedBatch: Completed", source: https://static.whatsapp.net/rsrc.php/v3/yu/r/tHmilJJWooZ.js (343)
[1014/182731.815:INFO:CONSOLE(123)] "Event handler of 'x-storagemutated-1' event must be added on the initial evaluation of worker script.", source: https://static.whatsapp.net/rsrc.php/v3/y4/r/qOz6qm5rJ33.js (123)
[1014/182936.423:INFO:CONSOLE(343)] "FTS:Indexer:indexQueuedBatch: Starting new batch size : 1000", source: https://static.whatsapp.net/rsrc.php/v3/yu/r/tHmilJJWooZ.js (343)
[1014/182936.461:INFO:CONSOLE(343)] "FTS:Indexer:indexQueuedBatch: Completed", source: https://static.whatsapp.net/rsrc.php/v3/yu/r/tHmilJJWooZ.js (343)
[1014/182936.896:INFO:CONSOLE(123)] "Event handler of 'x-storagemutated-1' event must be added on the initial evaluation of worker script.", source: https://static.whatsapp.net/rsrc.php/v3/y4/r/qOz6qm5rJ33.js (123)
[1014/183002.994:INFO:CONSOLE(343)] "FTS:Indexer:indexQueuedBatch: Starting new batch size : 1000", source: https://static.whatsapp.net/rsrc.php/v3/yu/r/tHmilJJWooZ.js (343)
[1014/183003.028:INFO:CONSOLE(343)] "FTS:Indexer:indexQueuedBatch: Completed", source: https://static.whatsapp.net/rsrc.php/v3/yu/r/tHmilJJWooZ.js (343)
[1014/183235.355:INFO:CONSOLE(343)] "FTS:Indexer:indexQueuedBatch: Starting new batch size : 1000", source: https://static.whatsapp.net/rsrc.php/v3/yu/r/tHmilJJWooZ.js (343)
[1014/183235.391:INFO:CONSOLE(343)] "FTS:Indexer:indexQueuedBatch: Completed", source: https://static.whatsapp.net/rsrc.php/v3/yu/r/tHmilJJWooZ.js (343)
[1014/183235.812:INFO:CONSOLE(123)] "Event handler of 'x-storagemutated-1' event must be added on the initial evaluation of worker script.", source: https://static.whatsapp.net/rsrc.php/v3/y4/r/qOz6qm5rJ33.js (123)
[1014/183309.350:INFO:CONSOLE(343)] "FTS:Indexer:indexQueuedBatch: Starting new batch size : 1000", source: https://static.whatsapp.net/rsrc.php/v3/yu/r/tHmilJJWooZ.js (343)
[1014/183309.350:INFO:CONSOLE(343)] "FTS:Indexer:indexQueuedBatch: Completed", source: https://static.whatsapp.net/rsrc.php/v3/yu/r/tHmilJJWooZ.js (343)
[1014/183430.112:INFO:CONSOLE(343)] "FTS:Indexer:indexQueuedBatch: Starting new batch size : 1000", source: https://static.whatsapp.net/rsrc.php/v3/yu/r/tHmilJJWooZ.js (343)
[1014/183430.149:INFO:CONSOLE(343)] "FTS:Indexer:indexQueuedBatch: Completed", source: https://static.whatsapp.net/rsrc.php/v3/yu/r/tHmilJJWooZ.js (343)
[1014/183430.577:INFO:CONSOLE(123)] "Event handler of 'x-storagemutated-1' event must be added on the initial evaluation of worker script.", source: https://static.whatsapp.net/rsrc.php/v3/y4/r/qOz6qm5rJ33.js (123)
[1014/183501.529:INFO:CONSOLE(343)] "FTS:Indexer:indexQueuedBatch: Starting new batch size : 1000", source: https://static.whatsapp.net/rsrc.php/v3/yu/r/tHmilJJWooZ.js (343)
[1014/183501.560:INFO:CONSOLE(343)] "FTS:Indexer:indexQueuedBatch: Completed", source: https://static.whatsapp.net/rsrc.php/v3/yu/r/tHmilJJWooZ.js (343)
[1014/183639.068:INFO:CONSOLE(123)] "Event handler of 'x-storagemutated-1' event must be added on the initial evaluation of worker script.", source: https://static.whatsapp.net/rsrc.php/v3/y4/r/qOz6qm5rJ33.js (123)
[1014/183639.583:INFO:CONSOLE(343)] "App reconnected to chatd, during same session", source: https://static.whatsapp.net/rsrc.php/v3/yu/r/tHmilJJWooZ.js (343)
[1014/183753.888:INFO:CONSOLE(343)] "FTS:Indexer:indexQueuedBatch: Starting new batch size : 1000", source: https://static.whatsapp.net/rsrc.php/v3/yu/r/tHmilJJWooZ.js (343)
[1014/183753.916:INFO:CONSOLE(343)] "FTS:Indexer:indexQueuedBatch: Completed", source: https://static.whatsapp.net/rsrc.php/v3/yu/r/tHmilJJWooZ.js (343)
[1014/183754.369:INFO:CONSOLE(123)] "Event handler of 'x-storagemutated-1' event must be added on the initial evaluation of worker script.", source: https://static.whatsapp.net/rsrc.php/v3/y4/r/qOz6qm5rJ33.js (123)
[1014/183802.821:INFO:CONSOLE(343)] "FTS:Indexer:indexQueuedBatch: Starting new batch size : 1000", source: https://static.whatsapp.net/rsrc.php/v3/yu/r/tHmilJJWooZ.js (343)
[1014/183802.850:INFO:CONSOLE(343)] "FTS:Indexer:indexQueuedBatch: Completed", source: https://static.whatsapp.net/rsrc.php/v3/yu/r/tHmilJJWooZ.js (343)
[1014/183908.650:INFO:CONSOLE(343)] "FTS:Indexer:indexQueuedBatch: Starting new batch size : 1000", source: https://static.whatsapp.net/rsrc.php/v3/yu/r/tHmilJJWooZ.js (343)
[1014/183908.678:INFO:CONSOLE(343)] "FTS:Indexer:indexQueuedBatch: Completed", source: https://static.whatsapp.net/rsrc.php/v3/yu/r/tHmilJJWooZ.js (343)
[1014/183909.148:INFO:CONSOLE(123)] "Event handler of 'x-storagemutated-1' event must be added on the initial evaluation of worker script.", source: https://static.whatsapp.net/rsrc.php/v3/y4/r/qOz6qm5rJ33.js (123)
[1014/183943.353:INFO:CONSOLE(343)] "FTS:Indexer:indexQueuedBatch: Starting new batch size : 1000", source: https://static.whatsapp.net/rsrc.php/v3/yu/r/tHmilJJWooZ.js (343)
[1014/183943.381:INFO:CONSOLE(343)] "FTS:Indexer:indexQueuedBatch: Completed", source: https://static.whatsapp.net/rsrc.php/v3/yu/r/tHmilJJWooZ.js (343)
[1014/184121.894:INFO:CONSOLE(343)] "FTS:Indexer:indexQueuedBatch: Starting new batch size : 1000", source: https://static.whatsapp.net/rsrc.php/v3/yu/r/tHmilJJWooZ.js (343)
[1014/184121.922:INFO:CONSOLE(343)] "FTS:Indexer:indexQueuedBatch: Completed", source: https://static.whatsapp.net/rsrc.php/v3/yu/r/tHmilJJWooZ.js (343)
[1014/184122.374:INFO:CONSOLE(123)] "Event handler of 'x-storagemutated-1' event must be added on the initial evaluation of worker script.", source: https://static.whatsapp.net/rsrc.php/v3/y4/r/qOz6qm5rJ33.js (123)
[1014/184130.099:INFO:CONSOLE(343)] "FTS:Indexer:indexQueuedBatch: Starting new batch size : 1000", source: https://static.whatsapp.net/rsrc.php/v3/yu/r/tHmilJJWooZ.js (343)
[1014/184130.129:INFO:CONSOLE(343)] "FTS:Indexer:indexQueuedBatch: Completed", source: https://static.whatsapp.net/rsrc.php/v3/yu/r/tHmilJJWooZ.js (343)
[1014/185016.709:INFO:CONSOLE(343)] "FTS:Indexer:indexQueuedBatch: Starting new batch size : 1000", source: https://static.whatsapp.net/rsrc.php/v3/yu/r/tHmilJJWooZ.js (343)
[1014/185016.742:INFO:CONSOLE(343)] "FTS:Indexer:indexQueuedBatch: Completed", source: https://static.whatsapp.net/rsrc.php/v3/yu/r/tHmilJJWooZ.js (343)
[1014/185105.454:INFO:CONSOLE(343)] "FTS:Indexer:indexQueuedBatch: Starting new batch size : 1000", source: https://static.whatsapp.net/rsrc.php/v3/yu/r/tHmilJJWooZ.js (343)
[1014/185105.460:INFO:CONSOLE(343)] "FTS:Indexer:indexQueuedBatch: Completed", source: https://static.whatsapp.net/rsrc.php/v3/yu/r/tHmilJJWooZ.js (343)
[1014/185105.915:INFO:CONSOLE(123)] "Event handler of 'x-storagemutated-1' event must be added on the initial evaluation of worker script.", source: https://static.whatsapp.net/rsrc.php/v3/y4/r/qOz6qm5rJ33.js (123)
[1014/185144.371:INFO:CONSOLE(343)] "App reconnected to chatd, during same session", source: https://static.whatsapp.net/rsrc.php/v3/yu/r/tHmilJJWooZ.js (343)
[1014/191832.037:INFO:CONSOLE(343)] "FTS:Indexer:indexQueuedBatch: Starting new batch size : 1000", source: https://static.whatsapp.net/rsrc.php/v3/yu/r/tHmilJJWooZ.js (343)
[1014/191832.077:INFO:CONSOLE(343)] "FTS:Indexer:indexQueuedBatch: Completed", source: https://static.whatsapp.net/rsrc.php/v3/yu/r/tHmilJJWooZ.js (343)
[1014/191837.559:INFO:CONSOLE(343)] "FTS:Indexer:indexQueuedBatch: Starting new batch size : 1000", source: https://static.whatsapp.net/rsrc.php/v3/yu/r/tHmilJJWooZ.js (343)
[1014/191837.587:INFO:CONSOLE(343)] "FTS:Indexer:indexQueuedBatch: Completed", source: https://static.whatsapp.net/rsrc.php/v3/yu/r/tHmilJJWooZ.js (343)
[1014/193703.295:INFO:CONSOLE(343)] "FTS:Indexer:indexQueuedBatch: Starting new batch size : 1000", source: https://static.whatsapp.net/rsrc.php/v3/yu/r/tHmilJJWooZ.js (343)
[1014/193703.325:INFO:CONSOLE(343)] "FTS:Indexer:indexQueuedBatch: Completed", source: https://static.whatsapp.net/rsrc.php/v3/yu/r/tHmilJJWooZ.js (343)
[1014/193704.105:INFO:CONSOLE(343)] "FTS:Indexer:indexQueuedBatch: Starting new batch size : 1000", source: https://static.whatsapp.net/rsrc.php/v3/yu/r/tHmilJJWooZ.js (343)
[1014/193704.112:INFO:CONSOLE(343)] "FTS:Indexer:indexQueuedBatch: Completed", source: https://static.whatsapp.net/rsrc.php/v3/yu/r/tHmilJJWooZ.js (343)
[1014/193704.594:INFO:CONSOLE(343)] "FTS:Indexer:indexQueuedBatch: Starting new batch size : 1000", source: https://static.whatsapp.net/rsrc.php/v3/yu/r/tHmilJJWooZ.js (343)
[1014/193704.605:INFO:CONSOLE(343)] "FTS:Indexer:indexQueuedBatch: Completed", source: https://static.whatsapp.net/rsrc.php/v3/yu/r/tHmilJJWooZ.js (343)
[1014/195143.743:INFO:CONSOLE(343)] "FTS:Indexer:indexQueuedBatch: Starting new batch size : 1000", source: https://static.whatsapp.net/rsrc.php/v3/yu/r/tHmilJJWooZ.js (343)
[1014/195143.773:INFO:CONSOLE(343)] "FTS:Indexer:indexQueuedBatch: Completed", source: https://static.whatsapp.net/rsrc.php/v3/yu/r/tHmilJJWooZ.js (343)
[1014/195305.429:INFO:CONSOLE(343)] "FTS:Indexer:indexQueuedBatch: Starting new batch size : 1000", source: https://static.whatsapp.net/rsrc.php/v3/yu/r/tHmilJJWooZ.js (343)
[1014/195305.458:INFO:CONSOLE(343)] "FTS:Indexer:indexQueuedBatch: Completed", source: https://static.whatsapp.net/rsrc.php/v3/yu/r/tHmilJJWooZ.js (343)
[1014/195306.187:INFO:CONSOLE(343)] "FTS:Indexer:indexQueuedBatch: Starting new batch size : 1000", source: https://static.whatsapp.net/rsrc.php/v3/yu/r/tHmilJJWooZ.js (343)
[1014/195306.196:INFO:CONSOLE(343)] "FTS:Indexer:indexQueuedBatch: Completed", source: https://static.whatsapp.net/rsrc.php/v3/yu/r/tHmilJJWooZ.js (343)
[1014/195306.644:INFO:CONSOLE(343)] "FTS:Indexer:indexQueuedBatch: Starting new batch size : 1000", source: https://static.whatsapp.net/rsrc.php/v3/yu/r/tHmilJJWooZ.js (343)
[1014/195306.651:INFO:CONSOLE(343)] "FTS:Indexer:indexQueuedBatch: Completed", source: https://static.whatsapp.net/rsrc.php/v3/yu/r/tHmilJJWooZ.js (343)
[1014/195307.085:INFO:CONSOLE(343)] "FTS:Indexer:indexQueuedBatch: Starting new batch size : 1000", source: https://static.whatsapp.net/rsrc.php/v3/yu/r/tHmilJJWooZ.js (343)
[1014/195307.092:INFO:CONSOLE(343)] "FTS:Indexer:indexQueuedBatch: Completed", source: https://static.whatsapp.net/rsrc.php/v3/yu/r/tHmilJJWooZ.js (343)
[1014/195315.971:INFO:CONSOLE(343)] "FTS:Indexer:indexQueuedBatch: Starting new batch size : 1000", source: https://static.whatsapp.net/rsrc.php/v3/yu/r/tHmilJJWooZ.js (343)
[1014/195315.971:INFO:CONSOLE(343)] "FTS:Indexer:indexQueuedBatch: Completed", source: https://static.whatsapp.net/rsrc.php/v3/yu/r/tHmilJJWooZ.js (343)
[1014/195316.645:INFO:CONSOLE(123)] "Event handler of 'x-storagemutated-1' event must be added on the initial evaluation of worker script.", source: https://static.whatsapp.net/rsrc.php/v3/y4/r/qOz6qm5rJ33.js (123)
[1014/204408.188:INFO:CONSOLE(343)] "FTS:Indexer:indexQueuedBatch: Starting new batch size : 1000", source: https://static.whatsapp.net/rsrc.php/v3/yu/r/tHmilJJWooZ.js (343)
[1014/204408.233:INFO:CONSOLE(343)] "FTS:Indexer:indexQueuedBatch: Completed", source: https://static.whatsapp.net/rsrc.php/v3/yu/r/tHmilJJWooZ.js (343)
[1014/204408.689:INFO:CONSOLE(123)] "Event handler of 'x-storagemutated-1' event must be added on the initial evaluation of worker script.", source: https://static.whatsapp.net/rsrc.php/v3/y4/r/qOz6qm5rJ33.js (123)
[1014/204413.251:INFO:CONSOLE(343)] "FTS:Indexer:indexQueuedBatch: Starting new batch size : 1000", source: https://static.whatsapp.net/rsrc.php/v3/yu/r/tHmilJJWooZ.js (343)
[1014/204413.280:INFO:CONSOLE(343)] "FTS:Indexer:indexQueuedBatch: Completed", source: https://static.whatsapp.net/rsrc.php/v3/yu/r/tHmilJJWooZ.js (343)
[1014/204441.981:INFO:CONSOLE(343)] "FTS:Indexer:indexQueuedBatch: Starting new batch size : 1000", source: https://static.whatsapp.net/rsrc.php/v3/yu/r/tHmilJJWooZ.js (343)
[1014/204442.014:INFO:CONSOLE(343)] "FTS:Indexer:indexQueuedBatch: Completed", source: https://static.whatsapp.net/rsrc.php/v3/yu/r/tHmilJJWooZ.js (343)
[1014/204524.053:INFO:CONSOLE(343)] "FTS:Indexer:indexQueuedBatch: Starting new batch size : 1000", source: https://static.whatsapp.net/rsrc.php/v3/yu/r/tHmilJJWooZ.js (343)
[1014/204524.082:INFO:CONSOLE(343)] "FTS:Indexer:indexQueuedBatch: Completed", source: https://static.whatsapp.net/rsrc.php/v3/yu/r/tHmilJJWooZ.js (343)
[1014/204542.321:INFO:CONSOLE(343)] "FTS:Indexer:indexQueuedBatch: Starting new batch size : 1000", source: https://static.whatsapp.net/rsrc.php/v3/yu/r/tHmilJJWooZ.js (343)
[1014/204542.351:INFO:CONSOLE(343)] "FTS:Indexer:indexQueuedBatch: Completed", source: https://static.whatsapp.net/rsrc.php/v3/yu/r/tHmilJJWooZ.js (343)
[1014/204701.828:INFO:CONSOLE(343)] "FTS:Indexer:indexQueuedBatch: Starting new batch size : 1000", source: https://static.whatsapp.net/rsrc.php/v3/yu/r/tHmilJJWooZ.js (343)
[1014/204701.873:INFO:CONSOLE(343)] "FTS:Indexer:indexQueuedBatch: Completed", source: https://static.whatsapp.net/rsrc.php/v3/yu/r/tHmilJJWooZ.js (343)
[1014/204702.318:INFO:CONSOLE(123)] "Event handler of 'x-storagemutated-1' event must be added on the initial evaluation of worker script.", source: https://static.whatsapp.net/rsrc.php/v3/y4/r/qOz6qm5rJ33.js (123)
[1014/205525.873:INFO:CONSOLE(343)] "FTS:Indexer:indexQueuedBatch: Starting new batch size : 1000", source: https://static.whatsapp.net/rsrc.php/v3/yu/r/tHmilJJWooZ.js (343)
[1014/205525.906:INFO:CONSOLE(343)] "FTS:Indexer:indexQueuedBatch: Completed batch", source: https://static.whatsapp.net/rsrc.php/v3/yu/r/tHmilJJWooZ.js (343)
[1014/205525.906:INFO:CONSOLE(343)] "FTS:Indexer:indexQueuedBatch: Completed", source: https://static.whatsapp.net/rsrc.php/v3/yu/r/tHmilJJWooZ.js (343)
[1014/205526.510:INFO:CONSOLE(123)] "Event handler of 'x-storagemutated-1' event must be added on the initial evaluation of worker script.", source: https://static.whatsapp.net/rsrc.php/v3/y4/r/qOz6qm5rJ33.js (123)
[1014/205527.558:INFO:CONSOLE(343)] "FTS:Indexer:indexQueuedBatch: Starting new batch size : 1000", source: https://static.whatsapp.net/rsrc.php/v3/yu/r/tHmilJJWooZ.js (343)
[1014/205527.564:INFO:CONSOLE(343)] "FTS:Indexer:indexQueuedBatch: Completed batch", source: https://static.whatsapp.net/rsrc.php/v3/yu/r/tHmilJJWooZ.js (343)
[1014/205527.569:INFO:CONSOLE(343)] "FTS:Indexer:indexQueuedBatch: Completed", source: https://static.whatsapp.net/rsrc.php/v3/yu/r/tHmilJJWooZ.js (343)
[1014/205610.955:INFO:CONSOLE(343)] "FTS:Indexer:indexQueuedBatch: Starting new batch size : 1000", source: https://static.whatsapp.net/rsrc.php/v3/yu/r/tHmilJJWooZ.js (343)
[1014/205611.985:INFO:CONSOLE(343)] "FTS:Indexer:indexQueuedBatch: Completed batch", source: https://static.whatsapp.net/rsrc.php/v3/yu/r/tHmilJJWooZ.js (343)
[1014/205611.989:INFO:CONSOLE(343)] "FTS:Indexer:indexQueuedBatch: Completed", source: https://static.whatsapp.net/rsrc.php/v3/yu/r/tHmilJJWooZ.js (343)
[1014/205617.890:INFO:CONSOLE(343)] "FTS:Indexer:indexQueuedBatch: Starting new batch size : 1000", source: https://static.whatsapp.net/rsrc.php/v3/yu/r/tHmilJJWooZ.js (343)
[1014/205617.922:INFO:CONSOLE(343)] "FTS:Indexer:indexQueuedBatch: Completed batch", source: https://static.whatsapp.net/rsrc.php/v3/yu/r/tHmilJJWooZ.js (343)
[1014/205617.922:INFO:CONSOLE(343)] "FTS:Indexer:indexQueuedBatch: Completed", source: https://static.whatsapp.net/rsrc.php/v3/yu/r/tHmilJJWooZ.js (343)
[1014/205624.670:INFO:CONSOLE(343)] "FTS:Indexer:indexQueuedBatch: Starting new batch size : 1000", source: https://static.whatsapp.net/rsrc.php/v3/yu/r/tHmilJJWooZ.js (343)
[1014/205624.700:INFO:CONSOLE(343)] "FTS:Indexer:indexQueuedBatch: Completed batch", source: https://static.whatsapp.net/rsrc.php/v3/yu/r/tHmilJJWooZ.js (343)
[1014/205624.700:INFO:CONSOLE(343)] "FTS:Indexer:indexQueuedBatch: Completed", source: https://static.whatsapp.net/rsrc.php/v3/yu/r/tHmilJJWooZ.js (343)
[1014/205640.453:INFO:CONSOLE(343)] "FTS:Indexer:indexQueuedBatch: Starting new batch size : 1000", source: https://static.whatsapp.net/rsrc.php/v3/yu/r/tHmilJJWooZ.js (343)
[1014/205640.485:INFO:CONSOLE(343)] "FTS:Indexer:indexQueuedBatch: Completed batch", source: https://static.whatsapp.net/rsrc.php/v3/yu/r/tHmilJJWooZ.js (343)
[1014/205640.485:INFO:CONSOLE(343)] "FTS:Indexer:indexQueuedBatch: Completed", source: https://static.whatsapp.net/rsrc.php/v3/yu/r/tHmilJJWooZ.js (343)
[1014/210214.637:INFO:CONSOLE(343)] "FTS:Indexer:indexQueuedBatch: Starting new batch size : 1000", source: https://static.whatsapp.net/rsrc.php/v3/yu/r/tHmilJJWooZ.js (343)
[1014/210214.649:INFO:CONSOLE(343)] "FTS:Indexer:indexQueuedBatch: Completed", source: https://static.whatsapp.net/rsrc.php/v3/yu/r/tHmilJJWooZ.js (343)
[1014/210215.450:INFO:CONSOLE(123)] "Event handler of 'x-storagemutated-1' event must be added on the initial evaluation of worker script.", source: https://static.whatsapp.net/rsrc.php/v3/y4/r/qOz6qm5rJ33.js (123)
[1014/210727.693:INFO:CONSOLE(343)] "FTS:Indexer:indexQueuedBatch: Starting new batch size : 1000", source: https://static.whatsapp.net/rsrc.php/v3/yu/r/tHmilJJWooZ.js (343)
[1014/210727.723:INFO:CONSOLE(343)] "FTS:Indexer:indexQueuedBatch: Completed", source: https://static.whatsapp.net/rsrc.php/v3/yu/r/tHmilJJWooZ.js (343)
[1014/210800.887:INFO:CONSOLE(343)] "FTS:Indexer:indexQueuedBatch: Starting new batch size : 1000", source: https://static.whatsapp.net/rsrc.php/v3/yu/r/tHmilJJWooZ.js (343)
[1014/210800.934:INFO:CONSOLE(343)] "FTS:Indexer:indexQueuedBatch: Completed", source: https://static.whatsapp.net/rsrc.php/v3/yu/r/tHmilJJWooZ.js (343)
[1014/210801.402:INFO:CONSOLE(123)] "Event handler of 'x-storagemutated-1' event must be added on the initial evaluation of worker script.", source: https://static.whatsapp.net/rsrc.php/v3/y4/r/qOz6qm5rJ33.js (123)
[1014/210952.861:INFO:CONSOLE(343)] "FTS:Indexer:indexQueuedBatch: Starting new batch size : 1000", source: https://static.whatsapp.net/rsrc.php/v3/yu/r/tHmilJJWooZ.js (343)
[1014/210952.892:INFO:CONSOLE(343)] "FTS:Indexer:indexQueuedBatch: Completed", source: https://static.whatsapp.net/rsrc.php/v3/yu/r/tHmilJJWooZ.js (343)
[1014/212818.320:INFO:CONSOLE(343)] "FTS:Indexer:indexQueuedBatch: Starting new batch size : 1000", source: https://static.whatsapp.net/rsrc.php/v3/yu/r/tHmilJJWooZ.js (343)
[1014/212818.369:INFO:CONSOLE(343)] "FTS:Indexer:indexQueuedBatch: Completed", source: https://static.whatsapp.net/rsrc.php/v3/yu/r/tHmilJJWooZ.js (343)
[1014/213118.226:INFO:CONSOLE(343)] "FTS:Indexer:indexQueuedBatch: Starting new batch size : 1000", source: https://static.whatsapp.net/rsrc.php/v3/yu/r/tHmilJJWooZ.js (343)
[1014/213118.257:INFO:CONSOLE(343)] "FTS:Indexer:indexQueuedBatch: Completed", source: https://static.whatsapp.net/rsrc.php/v3/yu/r/tHmilJJWooZ.js (343)
[1014/214405.257:INFO:CONSOLE(343)] "FTS:Indexer:indexQueuedBatch: Starting new batch size : 1000", source: https://static.whatsapp.net/rsrc.php/v3/yu/r/tHmilJJWooZ.js (343)
[1014/214405.314:INFO:CONSOLE(343)] "FTS:Indexer:indexQueuedBatch: Completed batch", source: https://static.whatsapp.net/rsrc.php/v3/yu/r/tHmilJJWooZ.js (343)
[1014/214405.314:INFO:CONSOLE(343)] "FTS:Indexer:indexQueuedBatch: Completed", source: https://static.whatsapp.net/rsrc.php/v3/yu/r/tHmilJJWooZ.js (343)
[1014/214542.761:INFO:CONSOLE(343)] "FTS:Indexer:indexQueuedBatch: Starting new batch size : 1000", source: https://static.whatsapp.net/rsrc.php/v3/yu/r/tHmilJJWooZ.js (343)
[1014/214542.769:INFO:CONSOLE(343)] "FTS:Indexer:indexQueuedBatch: Completed", source: https://static.whatsapp.net/rsrc.php/v3/yu/r/tHmilJJWooZ.js (343)
[1014/214543.255:INFO:CONSOLE(123)] "Event handler of 'x-storagemutated-1' event must be added on the initial evaluation of worker script.", source: https://static.whatsapp.net/rsrc.php/v3/y4/r/qOz6qm5rJ33.js (123)
[1014/214945.940:INFO:CONSOLE(343)] "FTS:Indexer:indexQueuedBatch: Starting new batch size : 1000", source: https://static.whatsapp.net/rsrc.php/v3/yu/r/tHmilJJWooZ.js (343)
[1014/214945.983:INFO:CONSOLE(343)] "FTS:Indexer:indexQueuedBatch: Completed batch", source: https://static.whatsapp.net/rsrc.php/v3/yu/r/tHmilJJWooZ.js (343)
[1014/214945.983:INFO:CONSOLE(343)] "FTS:Indexer:indexQueuedBatch: Completed", source: https://static.whatsapp.net/rsrc.php/v3/yu/r/tHmilJJWooZ.js (343)
[1014/215021.052:INFO:CONSOLE(343)] "FTS:Indexer:indexQueuedBatch: Starting new batch size : 1000", source: https://static.whatsapp.net/rsrc.php/v3/yu/r/tHmilJJWooZ.js (343)
[1014/215021.087:INFO:CONSOLE(343)] "FTS:Indexer:indexQueuedBatch: Completed batch", source: https://static.whatsapp.net/rsrc.php/v3/yu/r/tHmilJJWooZ.js (343)
[1014/215021.088:INFO:CONSOLE(343)] "FTS:Indexer:indexQueuedBatch: Completed", source: https://static.whatsapp.net/rsrc.php/v3/yu/r/tHmilJJWooZ.js (343)
[1014/215041.912:INFO:CONSOLE(343)] "FTS:Indexer:indexQueuedBatch: Starting new batch size : 1000", source: https://static.whatsapp.net/rsrc.php/v3/yu/r/tHmilJJWooZ.js (343)
[1014/215041.912:INFO:CONSOLE(343)] "FTS:Indexer:indexQueuedBatch: Completed batch", source: https://static.whatsapp.net/rsrc.php/v3/yu/r/tHmilJJWooZ.js (343)
[1014/215041.913:INFO:CONSOLE(343)] "FTS:Indexer:indexQueuedBatch: Completed", source: https://static.whatsapp.net/rsrc.php/v3/yu/r/tHmilJJWooZ.js (343)
[1014/215059.339:INFO:CONSOLE(343)] "FTS:Indexer:indexQueuedBatch: Starting new batch size : 1000", source: https://static.whatsapp.net/rsrc.php/v3/yu/r/tHmilJJWooZ.js (343)
[1014/215059.373:INFO:CONSOLE(343)] "FTS:Indexer:indexQueuedBatch: Completed batch", source: https://static.whatsapp.net/rsrc.php/v3/yu/r/tHmilJJWooZ.js (343)
[1014/215059.374:INFO:CONSOLE(343)] "FTS:Indexer:indexQueuedBatch: Completed", source: https://static.whatsapp.net/rsrc.php/v3/yu/r/tHmilJJWooZ.js (343)
[1014/215243.094:INFO:CONSOLE(343)] "FTS:Indexer:indexQueuedBatch: Starting new batch size : 1000", source: https://static.whatsapp.net/rsrc.php/v3/yu/r/tHmilJJWooZ.js (343)
[1014/215243.128:INFO:CONSOLE(343)] "FTS:Indexer:indexQueuedBatch: Completed batch", source: https://static.whatsapp.net/rsrc.php/v3/yu/r/tHmilJJWooZ.js (343)
[1014/215243.128:INFO:CONSOLE(343)] "FTS:Indexer:indexQueuedBatch: Completed", source: https://static.whatsapp.net/rsrc.php/v3/yu/r/tHmilJJWooZ.js (343)
[1014/215304.397:INFO:CONSOLE(343)] "FTS:Indexer:indexQueuedBatch: Starting new batch size : 1000", source: https://static.whatsapp.net/rsrc.php/v3/yu/r/tHmilJJWooZ.js (343)
[1014/215304.435:INFO:CONSOLE(343)] "FTS:Indexer:indexQueuedBatch: Completed batch", source: https://static.whatsapp.net/rsrc.php/v3/yu/r/tHmilJJWooZ.js (343)
[1014/215304.436:INFO:CONSOLE(343)] "FTS:Indexer:indexQueuedBatch: Completed", source: https://static.whatsapp.net/rsrc.php/v3/yu/r/tHmilJJWooZ.js (343)
[1014/215509.229:INFO:CONSOLE(343)] "FTS:Indexer:indexQueuedBatch: Starting new batch size : 1000", source: https://static.whatsapp.net/rsrc.php/v3/yu/r/tHmilJJWooZ.js (343)
[1014/215509.262:INFO:CONSOLE(343)] "FTS:Indexer:indexQueuedBatch: Completed", source: https://static.whatsapp.net/rsrc.php/v3/yu/r/tHmilJJWooZ.js (343)
[1014/215509.747:INFO:CONSOLE(123)] "Event handler of 'x-storagemutated-1' event must be added on the initial evaluation of worker script.", source: https://static.whatsapp.net/rsrc.php/v3/y4/r/qOz6qm5rJ33.js (123)
[1014/215726.138:INFO:CONSOLE(343)] "FTS:Indexer:indexQueuedBatch: Starting new batch size : 1000", source: https://static.whatsapp.net/rsrc.php/v3/yu/r/tHmilJJWooZ.js (343)
[1014/215726.145:INFO:CONSOLE(343)] "FTS:Indexer:indexQueuedBatch: Completed batch", source: https://static.whatsapp.net/rsrc.php/v3/yu/r/tHmilJJWooZ.js (343)
[1014/215726.149:INFO:CONSOLE(343)] "FTS:Indexer:indexQueuedBatch: Completed", source: https://static.whatsapp.net/rsrc.php/v3/yu/r/tHmilJJWooZ.js (343)
[1014/215822.879:INFO:CONSOLE(343)] "FTS:Indexer:indexQueuedBatch: Starting new batch size : 1000", source: https://static.whatsapp.net/rsrc.php/v3/yu/r/tHmilJJWooZ.js (343)
[1014/215822.913:INFO:CONSOLE(343)] "FTS:Indexer:indexQueuedBatch: Completed", source: https://static.whatsapp.net/rsrc.php/v3/yu/r/tHmilJJWooZ.js (343)
[1014/215823.371:INFO:CONSOLE(123)] "Event handler of 'x-storagemutated-1' event must be added on the initial evaluation of worker script.", source: https://static.whatsapp.net/rsrc.php/v3/y4/r/qOz6qm5rJ33.js (123)
[1014/220040.449:INFO:CONSOLE(343)] "FTS:Indexer:indexQueuedBatch: Starting new batch size : 1000", source: https://static.whatsapp.net/rsrc.php/v3/yu/r/tHmilJJWooZ.js (343)
[1014/220040.487:INFO:CONSOLE(343)] "FTS:Indexer:indexQueuedBatch: Completed batch", source: https://static.whatsapp.net/rsrc.php/v3/yu/r/tHmilJJWooZ.js (343)
[1014/220040.488:INFO:CONSOLE(343)] "FTS:Indexer:indexQueuedBatch: Completed", source: https://static.whatsapp.net/rsrc.php/v3/yu/r/tHmilJJWooZ.js (343)
[1014/220100.634:INFO:CONSOLE(343)] "FTS:Indexer:indexQueuedBatch: Starting new batch size : 1000", source: https://static.whatsapp.net/rsrc.php/v3/yu/r/tHmilJJWooZ.js (343)
[1014/220100.668:INFO:CONSOLE(343)] "FTS:Indexer:indexQueuedBatch: Completed", source: https://static.whatsapp.net/rsrc.php/v3/yu/r/tHmilJJWooZ.js (343)
[1014/220101.161:INFO:CONSOLE(123)] "Event handler of 'x-storagemutated-1' event must be added on the initial evaluation of worker script.", source: https://static.whatsapp.net/rsrc.php/v3/y4/r/qOz6qm5rJ33.js (123)
[1014/220140.605:INFO:CONSOLE(343)] "FTS:Indexer:indexQueuedBatch: Starting new batch size : 1000", source: https://static.whatsapp.net/rsrc.php/v3/yu/r/tHmilJJWooZ.js (343)
[1014/220140.614:INFO:CONSOLE(343)] "FTS:Indexer:indexQueuedBatch: Completed", source: https://static.whatsapp.net/rsrc.php/v3/yu/r/tHmilJJWooZ.js (343)
[1014/220141.211:INFO:CONSOLE(123)] "Event handler of 'x-storagemutated-1' event must be added on the initial evaluation of worker script.", source: https://static.whatsapp.net/rsrc.php/v3/y4/r/qOz6qm5rJ33.js (123)
[1014/221201.789:INFO:CONSOLE(343)] "FTS:Indexer:indexQueuedBatch: Starting new batch size : 1000", source: https://static.whatsapp.net/rsrc.php/v3/yu/r/tHmilJJWooZ.js (343)
[1014/221201.795:INFO:CONSOLE(343)] "FTS:Indexer:indexQueuedBatch: Completed", source: https://static.whatsapp.net/rsrc.php/v3/yu/r/tHmilJJWooZ.js (343)
[1014/222141.469:INFO:CONSOLE(343)] "FTS:Indexer:indexQueuedBatch: Starting new batch size : 1000", source: https://static.whatsapp.net/rsrc.php/v3/yu/r/tHmilJJWooZ.js (343)
[1014/222141.505:INFO:CONSOLE(343)] "FTS:Indexer:indexQueuedBatch: Completed", source: https://static.whatsapp.net/rsrc.php/v3/yu/r/tHmilJJWooZ.js (343)
[1014/222142.346:INFO:CONSOLE(343)] "FTS:Indexer:indexQueuedBatch: Starting new batch size : 1000", source: https://static.whatsapp.net/rsrc.php/v3/yu/r/tHmilJJWooZ.js (343)
[1014/222142.354:INFO:CONSOLE(343)] "FTS:Indexer:indexQueuedBatch: Completed", source: https://static.whatsapp.net/rsrc.php/v3/yu/r/tHmilJJWooZ.js (343)
[1014/222356.434:INFO:CONSOLE(343)] "FTS:Indexer:indexQueuedBatch: Starting new batch size : 1000", source: https://static.whatsapp.net/rsrc.php/v3/yu/r/tHmilJJWooZ.js (343)
[1014/222356.445:INFO:CONSOLE(343)] "FTS:Indexer:indexQueuedBatch: Completed", source: https://static.whatsapp.net/rsrc.php/v3/yu/r/tHmilJJWooZ.js (343)
[1014/222436.051:INFO:CONSOLE(343)] "FTS:Indexer:indexQueuedBatch: Starting new batch size : 1000", source: https://static.whatsapp.net/rsrc.php/v3/yu/r/tHmilJJWooZ.js (343)
[1014/222436.051:INFO:CONSOLE(343)] "FTS:Indexer:indexQueuedBatch: Completed", source: https://static.whatsapp.net/rsrc.php/v3/yu/r/tHmilJJWooZ.js (343)
[1014/222935.646:INFO:CONSOLE(343)] "FTS:Indexer:indexQueuedBatch: Starting new batch size : 1000", source: https://static.whatsapp.net/rsrc.php/v3/yu/r/tHmilJJWooZ.js (343)
[1014/222935.646:INFO:CONSOLE(343)] "FTS:Indexer:indexQueuedBatch: Completed", source: https://static.whatsapp.net/rsrc.php/v3/yu/r/tHmilJJWooZ.js (343)
[1014/223343.223:INFO:CONSOLE(343)] "FTS:Indexer:indexQueuedBatch: Starting new batch size : 1000", source: https://static.whatsapp.net/rsrc.php/v3/yu/r/tHmilJJWooZ.js (343)
[1014/223343.223:INFO:CONSOLE(343)] "FTS:Indexer:indexQueuedBatch: Completed", source: https://static.whatsapp.net/rsrc.php/v3/yu/r/tHmilJJWooZ.js (343)
[1015/001953.581:INFO:CONSOLE(343)] "FTS:Indexer:indexQueuedBatch: Starting new batch size : 1000", source: https://static.whatsapp.net/rsrc.php/v3/yu/r/tHmilJJWooZ.js (343)
[1015/001953.597:INFO:CONSOLE(343)] "FTS:Indexer:indexQueuedBatch: Completed batch", source: https://static.whatsapp.net/rsrc.php/v3/yu/r/tHmilJJWooZ.js (343)
[1015/001953.602:INFO:CONSOLE(343)] "FTS:Indexer:indexQueuedBatch: Completed", source: https://static.whatsapp.net/rsrc.php/v3/yu/r/tHmilJJWooZ.js (343)
[1015/002003.703:INFO:CONSOLE(343)] "FTS:Indexer:indexQueuedBatch: Starting new batch size : 1000", source: https://static.whatsapp.net/rsrc.php/v3/yu/r/tHmilJJWooZ.js (343)
[1015/002003.714:INFO:CONSOLE(343)] "FTS:Indexer:indexQueuedBatch: Completed batch", source: https://static.whatsapp.net/rsrc.php/v3/yu/r/tHmilJJWooZ.js (343)
[1015/002003.717:INFO:CONSOLE(343)] "FTS:Indexer:indexQueuedBatch: Completed", source: https://static.whatsapp.net/rsrc.php/v3/yu/r/tHmilJJWooZ.js (343)
[1015/002010.322:INFO:CONSOLE(343)] "FTS:Indexer:indexQueuedBatch: Starting new batch size : 1000", source: https://static.whatsapp.net/rsrc.php/v3/yu/r/tHmilJJWooZ.js (343)
[1015/002010.322:INFO:CONSOLE(343)] "FTS:Indexer:indexQueuedBatch: Completed batch", source: https://static.whatsapp.net/rsrc.php/v3/yu/r/tHmilJJWooZ.js (343)
[1015/002010.322:INFO:CONSOLE(343)] "FTS:Indexer:indexQueuedBatch: Completed", source: https://static.whatsapp.net/rsrc.php/v3/yu/r/tHmilJJWooZ.js (343)
[1015/002028.419:INFO:CONSOLE(343)] "FTS:Indexer:indexQueuedBatch: Starting new batch size : 1000", source: https://static.whatsapp.net/rsrc.php/v3/yu/r/tHmilJJWooZ.js (343)
[1015/002028.419:INFO:CONSOLE(343)] "FTS:Indexer:indexQueuedBatch: Completed batch", source: https://static.whatsapp.net/rsrc.php/v3/yu/r/tHmilJJWooZ.js (343)
[1015/002028.420:INFO:CONSOLE(343)] "FTS:Indexer:indexQueuedBatch: Completed", source: https://static.whatsapp.net/rsrc.php/v3/yu/r/tHmilJJWooZ.js (343)
[1015/002030.935:INFO:CONSOLE(343)] "FTS:Indexer:indexQueuedBatch: Starting new batch size : 1000", source: https://static.whatsapp.net/rsrc.php/v3/yu/r/tHmilJJWooZ.js (343)
[1015/002030.942:INFO:CONSOLE(343)] "FTS:Indexer:indexQueuedBatch: Completed batch", source: https://static.whatsapp.net/rsrc.php/v3/yu/r/tHmilJJWooZ.js (343)
[1015/002030.947:INFO:CONSOLE(343)] "FTS:Indexer:indexQueuedBatch: Completed", source: https://static.whatsapp.net/rsrc.php/v3/yu/r/tHmilJJWooZ.js (343)
[1015/002034.151:INFO:CONSOLE(343)] "FTS:Indexer:indexQueuedBatch: Starting new batch size : 1000", source: https://static.whatsapp.net/rsrc.php/v3/yu/r/tHmilJJWooZ.js (343)
[1015/002034.161:INFO:CONSOLE(343)] "FTS:Indexer:indexQueuedBatch: Completed batch", source: https://static.whatsapp.net/rsrc.php/v3/yu/r/tHmilJJWooZ.js (343)
[1015/002034.165:INFO:CONSOLE(343)] "FTS:Indexer:indexQueuedBatch: Completed", source: https://static.whatsapp.net/rsrc.php/v3/yu/r/tHmilJJWooZ.js (343)
[1015/002036.681:INFO:CONSOLE(343)] "FTS:Indexer:indexQueuedBatch: Starting new batch size : 1000", source: https://static.whatsapp.net/rsrc.php/v3/yu/r/tHmilJJWooZ.js (343)
[1015/002036.720:INFO:CONSOLE(343)] "FTS:Indexer:indexQueuedBatch: Completed batch", source: https://static.whatsapp.net/rsrc.php/v3/yu/r/tHmilJJWooZ.js (343)
[1015/002036.720:INFO:CONSOLE(343)] "FTS:Indexer:indexQueuedBatch: Completed", source: https://static.whatsapp.net/rsrc.php/v3/yu/r/tHmilJJWooZ.js (343)
[1015/002040.671:INFO:CONSOLE(343)] "FTS:Indexer:indexQueuedBatch: Starting new batch size : 1000", source: https://static.whatsapp.net/rsrc.php/v3/yu/r/tHmilJJWooZ.js (343)
[1015/002041.690:INFO:CONSOLE(343)] "FTS:Indexer:indexQueuedBatch: Completed batch", source: https://static.whatsapp.net/rsrc.php/v3/yu/r/tHmilJJWooZ.js (343)
[1015/002041.694:INFO:CONSOLE(343)] "FTS:Indexer:indexQueuedBatch: Completed", source: https://static.whatsapp.net/rsrc.php/v3/yu/r/tHmilJJWooZ.js (343)
[1015/004155.275:INFO:CONSOLE(343)] "FTS:Indexer:indexQueuedBatch: Starting new batch size : 1000", source: https://static.whatsapp.net/rsrc.php/v3/yu/r/tHmilJJWooZ.js (343)
[1015/004155.308:INFO:CONSOLE(343)] "FTS:Indexer:indexQueuedBatch: Completed batch", source: https://static.whatsapp.net/rsrc.php/v3/yu/r/tHmilJJWooZ.js (343)
[1015/004155.308:INFO:CONSOLE(343)] "FTS:Indexer:indexQueuedBatch: Completed", source: https://static.whatsapp.net/rsrc.php/v3/yu/r/tHmilJJWooZ.js (343)
[1015/004228.126:INFO:CONSOLE(343)] "FTS:Indexer:indexQueuedBatch: Starting new batch size : 1000", source: https://static.whatsapp.net/rsrc.php/v3/yu/r/tHmilJJWooZ.js (343)
[1015/004228.165:INFO:CONSOLE(343)] "FTS:Indexer:indexQueuedBatch: Completed batch", source: https://static.whatsapp.net/rsrc.php/v3/yu/r/tHmilJJWooZ.js (343)
[1015/004228.165:INFO:CONSOLE(343)] "FTS:Indexer:indexQueuedBatch: Completed", source: https://static.whatsapp.net/rsrc.php/v3/yu/r/tHmilJJWooZ.js (343)
[1015/010244.467:INFO:CONSOLE(343)] "FTS:Indexer:indexQueuedBatch: Starting new batch size : 1000", source: https://static.whatsapp.net/rsrc.php/v3/yu/r/tHmilJJWooZ.js (343)
[1015/010244.468:INFO:CONSOLE(343)] "FTS:Indexer:indexQueuedBatch: Completed", source: https://static.whatsapp.net/rsrc.php/v3/yu/r/tHmilJJWooZ.js (343)
[1015/010343.635:INFO:CONSOLE(343)] "FTS:Indexer:indexQueuedBatch: Starting new batch size : 1000", source: https://static.whatsapp.net/rsrc.php/v3/yu/r/tHmilJJWooZ.js (343)
[1015/010343.667:INFO:CONSOLE(343)] "FTS:Indexer:indexQueuedBatch: Completed", source: https://static.whatsapp.net/rsrc.php/v3/yu/r/tHmilJJWooZ.js (343)
[1015/010348.056:INFO:CONSOLE(343)] "FTS:Indexer:indexQueuedBatch: Starting new batch size : 1000", source: https://static.whatsapp.net/rsrc.php/v3/yu/r/tHmilJJWooZ.js (343)
[1015/010348.088:INFO:CONSOLE(343)] "FTS:Indexer:indexQueuedBatch: Completed", source: https://static.whatsapp.net/rsrc.php/v3/yu/r/tHmilJJWooZ.js (343)
[1015/010352.536:INFO:CONSOLE(343)] "FTS:Indexer:indexQueuedBatch: Starting new batch size : 1000", source: https://static.whatsapp.net/rsrc.php/v3/yu/r/tHmilJJWooZ.js (343)
[1015/010352.582:INFO:CONSOLE(343)] "FTS:Indexer:indexQueuedBatch: Completed", source: https://static.whatsapp.net/rsrc.php/v3/yu/r/tHmilJJWooZ.js (343)
[1015/010357.088:INFO:CONSOLE(343)] "FTS:Indexer:indexQueuedBatch: Starting new batch size : 1000", source: https://static.whatsapp.net/rsrc.php/v3/yu/r/tHmilJJWooZ.js (343)
[1015/010357.121:INFO:CONSOLE(343)] "FTS:Indexer:indexQueuedBatch: Completed", source: https://static.whatsapp.net/rsrc.php/v3/yu/r/tHmilJJWooZ.js (343)
[1015/010402.258:INFO:CONSOLE(343)] "FTS:Indexer:indexQueuedBatch: Starting new batch size : 1000", source: https://static.whatsapp.net/rsrc.php/v3/yu/r/tHmilJJWooZ.js (343)
[1015/010402.292:INFO:CONSOLE(343)] "FTS:Indexer:indexQueuedBatch: Completed", source: https://static.whatsapp.net/rsrc.php/v3/yu/r/tHmilJJWooZ.js (343)
[1015/010407.908:INFO:CONSOLE(343)] "FTS:Indexer:indexQueuedBatch: Starting new batch size : 1000", source: https://static.whatsapp.net/rsrc.php/v3/yu/r/tHmilJJWooZ.js (343)
[1015/010407.937:INFO:CONSOLE(343)] "FTS:Indexer:indexQueuedBatch: Completed", source: https://static.whatsapp.net/rsrc.php/v3/yu/r/tHmilJJWooZ.js (343)
[1015/010914.583:INFO:CONSOLE(343)] "FTS:Indexer:indexQueuedBatch: Starting new batch size : 1000", source: https://static.whatsapp.net/rsrc.php/v3/yu/r/tHmilJJWooZ.js (343)
[1015/010914.642:INFO:CONSOLE(343)] "FTS:Indexer:indexQueuedBatch: Completed batch", source: https://static.whatsapp.net/rsrc.php/v3/yu/r/tHmilJJWooZ.js (343)
[1015/010914.643:INFO:CONSOLE(343)] "FTS:Indexer:indexQueuedBatch: Completed", source: https://static.whatsapp.net/rsrc.php/v3/yu/r/tHmilJJWooZ.js (343)
[1015/011119.726:INFO:CONSOLE(343)] "FTS:Indexer:indexQueuedBatch: Starting new batch size : 1000", source: https://static.whatsapp.net/rsrc.php/v3/yu/r/tHmilJJWooZ.js (343)
[1015/011119.757:INFO:CONSOLE(343)] "FTS:Indexer:indexQueuedBatch: Completed", source: https://static.whatsapp.net/rsrc.php/v3/yu/r/tHmilJJWooZ.js (343)
[1015/015128.825:INFO:CONSOLE(343)] "FTS:Indexer:indexQueuedBatch: Starting new batch size : 1000", source: https://static.whatsapp.net/rsrc.php/v3/yu/r/tHmilJJWooZ.js (343)
[1015/015128.857:INFO:CONSOLE(343)] "FTS:Indexer:indexQueuedBatch: Completed", source: https://static.whatsapp.net/rsrc.php/v3/yu/r/tHmilJJWooZ.js (343)
[1015/015136.858:INFO:CONSOLE(343)] "FTS:Indexer:indexQueuedBatch: Starting new batch size : 1000", source: https://static.whatsapp.net/rsrc.php/v3/yu/r/tHmilJJWooZ.js (343)
[1015/015136.887:INFO:CONSOLE(343)] "FTS:Indexer:indexQueuedBatch: Completed", source: https://static.whatsapp.net/rsrc.php/v3/yu/r/tHmilJJWooZ.js (343)
[1015/021938.302:INFO:CONSOLE(123)] "Event handler of 'x-storagemutated-1' event must be added on the initial evaluation of worker script.", source: https://static.whatsapp.net/rsrc.php/v3/y4/r/qOz6qm5rJ33.js (123)
[1015/022730.173:INFO:CONSOLE(343)] "FTS:Indexer:indexQueuedBatch: Starting new batch size : 1000", source: https://static.whatsapp.net/rsrc.php/v3/yu/r/tHmilJJWooZ.js (343)
[1015/022730.205:INFO:CONSOLE(343)] "FTS:Indexer:indexQueuedBatch: Completed", source: https://static.whatsapp.net/rsrc.php/v3/yu/r/tHmilJJWooZ.js (343)
[1015/023441.449:INFO:CONSOLE(343)] "FTS:Indexer:indexQueuedBatch: Starting new batch size : 1000", source: https://static.whatsapp.net/rsrc.php/v3/yu/r/tHmilJJWooZ.js (343)
[1015/023441.480:INFO:CONSOLE(343)] "FTS:Indexer:indexQueuedBatch: Completed", source: https://static.whatsapp.net/rsrc.php/v3/yu/r/tHmilJJWooZ.js (343)
[1015/023441.922:INFO:CONSOLE(123)] "Event handler of 'x-storagemutated-1' event must be added on the initial evaluation of worker script.", source: https://static.whatsapp.net/rsrc.php/v3/y4/r/qOz6qm5rJ33.js (123)
[1015/070509.446:INFO:CONSOLE(123)] "Event handler of 'x-storagemutated-1' event must be added on the initial evaluation of worker script.", source: https://static.whatsapp.net/rsrc.php/v3/y4/r/qOz6qm5rJ33.js (123)
[1015/081942.744:INFO:CONSOLE(343)] "FTS:Indexer:indexQueuedBatch: Starting new batch size : 1000", source: https://static.whatsapp.net/rsrc.php/v3/yu/r/tHmilJJWooZ.js (343)
[1015/081942.757:INFO:CONSOLE(343)] "FTS:Indexer:indexQueuedBatch: Completed", source: https://static.whatsapp.net/rsrc.php/v3/yu/r/tHmilJJWooZ.js (343)
[1015/081943.210:INFO:CONSOLE(123)] "Event handler of 'x-storagemutated-1' event must be added on the initial evaluation of worker script.", source: https://static.whatsapp.net/rsrc.php/v3/y4/r/qOz6qm5rJ33.js (123)
[1015/083114.648:INFO:CONSOLE(343)] "FTS:Indexer:indexQueuedBatch: Starting new batch size : 1000", source: https://static.whatsapp.net/rsrc.php/v3/yu/r/tHmilJJWooZ.js (343)
[1015/083114.655:INFO:CONSOLE(343)] "FTS:Indexer:indexQueuedBatch: Completed", source: https://static.whatsapp.net/rsrc.php/v3/yu/r/tHmilJJWooZ.js (343)
[1015/083117.194:INFO:CONSOLE(123)] "Event handler of 'x-storagemutated-1' event must be added on the initial evaluation of worker script.", source: https://static.whatsapp.net/rsrc.php/v3/y4/r/qOz6qm5rJ33.js (123)
[1015/083420.014:INFO:CONSOLE(343)] "FTS:Indexer:indexQueuedBatch: Starting new batch size : 1000", source: https://static.whatsapp.net/rsrc.php/v3/yu/r/tHmilJJWooZ.js (343)
[1015/083420.045:INFO:CONSOLE(343)] "FTS:Indexer:indexQueuedBatch: Completed", source: https://static.whatsapp.net/rsrc.php/v3/yu/r/tHmilJJWooZ.js (343)
[1015/083420.552:INFO:CONSOLE(123)] "Event handler of 'x-storagemutated-1' event must be added on the initial evaluation of worker script.", source: https://static.whatsapp.net/rsrc.php/v3/y4/r/qOz6qm5rJ33.js (123)
[1015/083533.807:INFO:CONSOLE(343)] "FTS:Indexer:indexQueuedBatch: Starting new batch size : 1000", source: https://static.whatsapp.net/rsrc.php/v3/yu/r/tHmilJJWooZ.js (343)
[1015/083533.844:INFO:CONSOLE(343)] "FTS:Indexer:indexQueuedBatch: Completed batch", source: https://static.whatsapp.net/rsrc.php/v3/yu/r/tHmilJJWooZ.js (343)
[1015/083533.844:INFO:CONSOLE(343)] "FTS:Indexer:indexQueuedBatch: Completed", source: https://static.whatsapp.net/rsrc.php/v3/yu/r/tHmilJJWooZ.js (343)
[1015/083534.480:INFO:CONSOLE(123)] "Event handler of 'x-storagemutated-1' event must be added on the initial evaluation of worker script.", source: https://static.whatsapp.net/rsrc.php/v3/y4/r/qOz6qm5rJ33.js (123)
[1015/083836.660:INFO:CONSOLE(343)] "FTS:Indexer:indexQueuedBatch: Starting new batch size : 1000", source: https://static.whatsapp.net/rsrc.php/v3/yu/r/tHmilJJWooZ.js (343)
[1015/083836.707:INFO:CONSOLE(343)] "FTS:Indexer:indexQueuedBatch: Completed batch", source: https://static.whatsapp.net/rsrc.php/v3/yu/r/tHmilJJWooZ.js (343)
[1015/083836.708:INFO:CONSOLE(343)] "FTS:Indexer:indexQueuedBatch: Completed", source: https://static.whatsapp.net/rsrc.php/v3/yu/r/tHmilJJWooZ.js (343)
[1015/083917.390:INFO:CONSOLE(343)] "FTS:Indexer:indexQueuedBatch: Starting new batch size : 1000", source: https://static.whatsapp.net/rsrc.php/v3/yu/r/tHmilJJWooZ.js (343)
[1015/083917.428:INFO:CONSOLE(343)] "FTS:Indexer:indexQueuedBatch: Completed batch", source: https://static.whatsapp.net/rsrc.php/v3/yu/r/tHmilJJWooZ.js (343)
[1015/083917.429:INFO:CONSOLE(343)] "FTS:Indexer:indexQueuedBatch: Completed", source: https://static.whatsapp.net/rsrc.php/v3/yu/r/tHmilJJWooZ.js (343)
[1015/083937.814:INFO:CONSOLE(343)] "FTS:Indexer:indexQueuedBatch: Starting new batch size : 1000", source: https://static.whatsapp.net/rsrc.php/v3/yu/r/tHmilJJWooZ.js (343)
[1015/083937.848:INFO:CONSOLE(343)] "FTS:Indexer:indexQueuedBatch: Completed batch", source: https://static.whatsapp.net/rsrc.php/v3/yu/r/tHmilJJWooZ.js (343)
[1015/083937.849:INFO:CONSOLE(343)] "FTS:Indexer:indexQueuedBatch: Completed", source: https://static.whatsapp.net/rsrc.php/v3/yu/r/tHmilJJWooZ.js (343)
[1015/083944.571:INFO:CONSOLE(343)] "FTS:Indexer:indexQueuedBatch: Starting new batch size : 1000", source: https://static.whatsapp.net/rsrc.php/v3/yu/r/tHmilJJWooZ.js (343)
[1015/083944.606:INFO:CONSOLE(343)] "FTS:Indexer:indexQueuedBatch: Completed batch", source: https://static.whatsapp.net/rsrc.php/v3/yu/r/tHmilJJWooZ.js (343)
[1015/083944.606:INFO:CONSOLE(343)] "FTS:Indexer:indexQueuedBatch: Completed", source: https://static.whatsapp.net/rsrc.php/v3/yu/r/tHmilJJWooZ.js (343)
[1015/084001.315:INFO:CONSOLE(343)] "FTS:Indexer:indexQueuedBatch: Starting new batch size : 1000", source: https://static.whatsapp.net/rsrc.php/v3/yu/r/tHmilJJWooZ.js (343)
[1015/084001.353:INFO:CONSOLE(343)] "FTS:Indexer:indexQueuedBatch: Completed batch", source: https://static.whatsapp.net/rsrc.php/v3/yu/r/tHmilJJWooZ.js (343)
[1015/084001.354:INFO:CONSOLE(343)] "FTS:Indexer:indexQueuedBatch: Completed", source: https://static.whatsapp.net/rsrc.php/v3/yu/r/tHmilJJWooZ.js (343)
[1015/084001.803:INFO:CONSOLE(123)] "Event handler of 'x-storagemutated-1' event must be added on the initial evaluation of worker script.", source: https://static.whatsapp.net/rsrc.php/v3/y4/r/qOz6qm5rJ33.js (123)
[1015/085035.409:INFO:CONSOLE(343)] "FTS:Indexer:indexQueuedBatch: Starting new batch size : 1000", source: https://static.whatsapp.net/rsrc.php/v3/yu/r/tHmilJJWooZ.js (343)
[1015/085035.447:INFO:CONSOLE(343)] "FTS:Indexer:indexQueuedBatch: Completed batch", source: https://static.whatsapp.net/rsrc.php/v3/yu/r/tHmilJJWooZ.js (343)
[1015/085035.447:INFO:CONSOLE(343)] "FTS:Indexer:indexQueuedBatch: Completed", source: https://static.whatsapp.net/rsrc.php/v3/yu/r/tHmilJJWooZ.js (343)
[1015/085054.505:INFO:CONSOLE(343)] "FTS:Indexer:indexQueuedBatch: Starting new batch size : 1000", source: https://static.whatsapp.net/rsrc.php/v3/yu/r/tHmilJJWooZ.js (343)
[1015/085054.542:INFO:CONSOLE(343)] "FTS:Indexer:indexQueuedBatch: Completed batch", source: https://static.whatsapp.net/rsrc.php/v3/yu/r/tHmilJJWooZ.js (343)
[1015/085054.543:INFO:CONSOLE(343)] "FTS:Indexer:indexQueuedBatch: Completed", source: https://static.whatsapp.net/rsrc.php/v3/yu/r/tHmilJJWooZ.js (343)
[1015/085108.970:INFO:CONSOLE(343)] "FTS:Indexer:indexQueuedBatch: Starting new batch size : 1000", source: https://static.whatsapp.net/rsrc.php/v3/yu/r/tHmilJJWooZ.js (343)
[1015/085109.003:INFO:CONSOLE(343)] "FTS:Indexer:indexQueuedBatch: Completed batch", source: https://static.whatsapp.net/rsrc.php/v3/yu/r/tHmilJJWooZ.js (343)
[1015/085109.004:INFO:CONSOLE(343)] "FTS:Indexer:indexQueuedBatch: Completed", source: https://static.whatsapp.net/rsrc.php/v3/yu/r/tHmilJJWooZ.js (343)
[1015/085212.825:INFO:CONSOLE(343)] "FTS:Indexer:indexQueuedBatch: Starting new batch size : 1000", source: https://static.whatsapp.net/rsrc.php/v3/yu/r/tHmilJJWooZ.js (343)
[1015/085212.833:INFO:CONSOLE(343)] "FTS:Indexer:indexQueuedBatch: Completed batch", source: https://static.whatsapp.net/rsrc.php/v3/yu/r/tHmilJJWooZ.js (343)
[1015/085212.838:INFO:CONSOLE(343)] "FTS:Indexer:indexQueuedBatch: Completed", source: https://static.whatsapp.net/rsrc.php/v3/yu/r/tHmilJJWooZ.js (343)
[1015/085225.886:INFO:CONSOLE(343)] "FTS:Indexer:indexQueuedBatch: Starting new batch size : 1000", source: https://static.whatsapp.net/rsrc.php/v3/yu/r/tHmilJJWooZ.js (343)
[1015/085225.894:INFO:CONSOLE(343)] "FTS:Indexer:indexQueuedBatch: Completed batch", source: https://static.whatsapp.net/rsrc.php/v3/yu/r/tHmilJJWooZ.js (343)
[1015/085225.899:INFO:CONSOLE(343)] "FTS:Indexer:indexQueuedBatch: Completed", source: https://static.whatsapp.net/rsrc.php/v3/yu/r/tHmilJJWooZ.js (343)
[1015/085353.245:INFO:CONSOLE(343)] "FTS:Indexer:indexQueuedBatch: Starting new batch size : 1000", source: https://static.whatsapp.net/rsrc.php/v3/yu/r/tHmilJJWooZ.js (343)
[1015/085353.256:INFO:CONSOLE(343)] "FTS:Indexer:indexQueuedBatch: Completed", source: https://static.whatsapp.net/rsrc.php/v3/yu/r/tHmilJJWooZ.js (343)
[1015/085353.699:INFO:CONSOLE(123)] "Event handler of 'x-storagemutated-1' event must be added on the initial evaluation of worker script.", source: https://static.whatsapp.net/rsrc.php/v3/y4/r/qOz6qm5rJ33.js (123)
[1015/085412.726:INFO:CONSOLE(343)] "FTS:Indexer:indexQueuedBatch: Starting new batch size : 1000", source: https://static.whatsapp.net/rsrc.php/v3/yu/r/tHmilJJWooZ.js (343)
[1015/085412.733:INFO:CONSOLE(343)] "FTS:Indexer:indexQueuedBatch: Completed", source: https://static.whatsapp.net/rsrc.php/v3/yu/r/tHmilJJWooZ.js (343)
[1015/085448.901:INFO:CONSOLE(343)] "FTS:Indexer:indexQueuedBatch: Starting new batch size : 1000", source: https://static.whatsapp.net/rsrc.php/v3/yu/r/tHmilJJWooZ.js (343)
[1015/085448.911:INFO:CONSOLE(343)] "FTS:Indexer:indexQueuedBatch: Completed", source: https://static.whatsapp.net/rsrc.php/v3/yu/r/tHmilJJWooZ.js (343)
[1015/085449.413:INFO:CONSOLE(123)] "Event handler of 'x-storagemutated-1' event must be added on the initial evaluation of worker script.", source: https://static.whatsapp.net/rsrc.php/v3/y4/r/qOz6qm5rJ33.js (123)
[1015/085522.308:INFO:CONSOLE(343)] "FTS:Indexer:indexQueuedBatch: Starting new batch size : 1000", source: https://static.whatsapp.net/rsrc.php/v3/yu/r/tHmilJJWooZ.js (343)
[1015/085522.319:INFO:CONSOLE(343)] "FTS:Indexer:indexQueuedBatch: Completed", source: https://static.whatsapp.net/rsrc.php/v3/yu/r/tHmilJJWooZ.js (343)
[1015/085522.981:INFO:CONSOLE(123)] "Event handler of 'x-storagemutated-1' event must be added on the initial evaluation of worker script.", source: https://static.whatsapp.net/rsrc.php/v3/y4/r/qOz6qm5rJ33.js (123)
[1015/085530.081:INFO:CONSOLE(343)] "FTS:Indexer:indexQueuedBatch: Starting new batch size : 1000", source: https://static.whatsapp.net/rsrc.php/v3/yu/r/tHmilJJWooZ.js (343)
[1015/085530.081:INFO:CONSOLE(343)] "FTS:Indexer:indexQueuedBatch: Completed batch", source: https://static.whatsapp.net/rsrc.php/v3/yu/r/tHmilJJWooZ.js (343)
[1015/085530.082:INFO:CONSOLE(343)] "FTS:Indexer:indexQueuedBatch: Completed", source: https://static.whatsapp.net/rsrc.php/v3/yu/r/tHmilJJWooZ.js (343)
[1015/090510.062:INFO:CONSOLE(343)] "FTS:Indexer:indexQueuedBatch: Starting new batch size : 1000", source: https://static.whatsapp.net/rsrc.php/v3/yu/r/tHmilJJWooZ.js (343)
[1015/090510.071:INFO:CONSOLE(343)] "FTS:Indexer:indexQueuedBatch: Completed", source: https://static.whatsapp.net/rsrc.php/v3/yu/r/tHmilJJWooZ.js (343)
[1015/090626.154:INFO:CONSOLE(343)] "FTS:Indexer:indexQueuedBatch: Starting new batch size : 1000", source: https://static.whatsapp.net/rsrc.php/v3/yu/r/tHmilJJWooZ.js (343)
[1015/090626.190:INFO:CONSOLE(343)] "FTS:Indexer:indexQueuedBatch: Completed", source: https://static.whatsapp.net/rsrc.php/v3/yu/r/tHmilJJWooZ.js (343)
[1015/090626.659:INFO:CONSOLE(123)] "Event handler of 'x-storagemutated-1' event must be added on the initial evaluation of worker script.", source: https://static.whatsapp.net/rsrc.php/v3/y4/r/qOz6qm5rJ33.js (123)
[1015/090626.867:INFO:CONSOLE(343)] "FTS:Indexer:indexQueuedBatch: Starting new batch size : 1000", source: https://static.whatsapp.net/rsrc.php/v3/yu/r/tHmilJJWooZ.js (343)
[1015/090626.877:INFO:CONSOLE(343)] "FTS:Indexer:indexQueuedBatch: Completed", source: https://static.whatsapp.net/rsrc.php/v3/yu/r/tHmilJJWooZ.js (343)
[1015/090628.907:INFO:CONSOLE(343)] "FTS:Indexer:indexQueuedBatch: Starting new batch size : 1000", source: https://static.whatsapp.net/rsrc.php/v3/yu/r/tHmilJJWooZ.js (343)
[1015/090628.914:INFO:CONSOLE(343)] "FTS:Indexer:indexQueuedBatch: Completed", source: https://static.whatsapp.net/rsrc.php/v3/yu/r/tHmilJJWooZ.js (343)
[1015/090629.584:INFO:CONSOLE(343)] "FTS:Indexer:indexQueuedBatch: Starting new batch size : 1000", source: https://static.whatsapp.net/rsrc.php/v3/yu/r/tHmilJJWooZ.js (343)
[1015/090629.595:INFO:CONSOLE(343)] "FTS:Indexer:indexQueuedBatch: Completed", source: https://static.whatsapp.net/rsrc.php/v3/yu/r/tHmilJJWooZ.js (343)
[1015/090630.141:INFO:CONSOLE(343)] "FTS:Indexer:indexQueuedBatch: Starting new batch size : 1000", source: https://static.whatsapp.net/rsrc.php/v3/yu/r/tHmilJJWooZ.js (343)
[1015/090630.156:INFO:CONSOLE(343)] "FTS:Indexer:indexQueuedBatch: Completed", source: https://static.whatsapp.net/rsrc.php/v3/yu/r/tHmilJJWooZ.js (343)
[1015/090630.583:INFO:CONSOLE(343)] "FTS:Indexer:indexQueuedBatch: Starting new batch size : 1000", source: https://static.whatsapp.net/rsrc.php/v3/yu/r/tHmilJJWooZ.js (343)
[1015/090630.594:INFO:CONSOLE(343)] "FTS:Indexer:indexQueuedBatch: Completed", source: https://static.whatsapp.net/rsrc.php/v3/yu/r/tHmilJJWooZ.js (343)
[1015/090632.105:INFO:CONSOLE(343)] "FTS:Indexer:indexQueuedBatch: Starting new batch size : 1000", source: https://static.whatsapp.net/rsrc.php/v3/yu/r/tHmilJJWooZ.js (343)
[1015/090632.116:INFO:CONSOLE(343)] "FTS:Indexer:indexQueuedBatch: Completed", source: https://static.whatsapp.net/rsrc.php/v3/yu/r/tHmilJJWooZ.js (343)
[1015/090632.607:INFO:CONSOLE(343)] "FTS:Indexer:indexQueuedBatch: Starting new batch size : 1000", source: https://static.whatsapp.net/rsrc.php/v3/yu/r/tHmilJJWooZ.js (343)
[1015/090632.615:INFO:CONSOLE(343)] "FTS:Indexer:indexQueuedBatch: Completed", source: https://static.whatsapp.net/rsrc.php/v3/yu/r/tHmilJJWooZ.js (343)
[1015/090906.862:INFO:CONSOLE(343)] "FTS:Indexer:indexQueuedBatch: Starting new batch size : 1000", source: https://static.whatsapp.net/rsrc.php/v3/yu/r/tHmilJJWooZ.js (343)
[1015/090906.895:INFO:CONSOLE(343)] "FTS:Indexer:indexQueuedBatch: Completed", source: https://static.whatsapp.net/rsrc.php/v3/yu/r/tHmilJJWooZ.js (343)
[1015/100007.953:INFO:CONSOLE(343)] "FTS:Indexer:indexQueuedBatch: Starting new batch size : 1000", source: https://static.whatsapp.net/rsrc.php/v3/yu/r/tHmilJJWooZ.js (343)
[1015/100007.961:INFO:CONSOLE(343)] "FTS:Indexer:indexQueuedBatch: Completed", source: https://static.whatsapp.net/rsrc.php/v3/yu/r/tHmilJJWooZ.js (343)
[1015/101748.151:INFO:CONSOLE(343)] "FTS:Indexer:indexQueuedBatch: Starting new batch size : 1000", source: https://static.whatsapp.net/rsrc.php/v3/yu/r/tHmilJJWooZ.js (343)
[1015/101748.187:INFO:CONSOLE(343)] "FTS:Indexer:indexQueuedBatch: Completed", source: https://static.whatsapp.net/rsrc.php/v3/yu/r/tHmilJJWooZ.js (343)
[1015/101749.092:INFO:CONSOLE(343)] "FTS:Indexer:indexQueuedBatch: Starting new batch size : 1000", source: https://static.whatsapp.net/rsrc.php/v3/yu/r/tHmilJJWooZ.js (343)
[1015/101749.102:INFO:CONSOLE(343)] "FTS:Indexer:indexQueuedBatch: Completed", source: https://static.whatsapp.net/rsrc.php/v3/yu/r/tHmilJJWooZ.js (343)
[1015/101750.037:INFO:CONSOLE(343)] "FTS:Indexer:indexQueuedBatch: Starting new batch size : 1000", source: https://static.whatsapp.net/rsrc.php/v3/yu/r/tHmilJJWooZ.js (343)
[1015/101750.054:INFO:CONSOLE(343)] "FTS:Indexer:indexQueuedBatch: Completed", source: https://static.whatsapp.net/rsrc.php/v3/yu/r/tHmilJJWooZ.js (343)
[1015/101751.023:INFO:CONSOLE(343)] "FTS:Indexer:indexQueuedBatch: Starting new batch size : 1000", source: https://static.whatsapp.net/rsrc.php/v3/yu/r/tHmilJJWooZ.js (343)
[1015/101751.031:INFO:CONSOLE(343)] "FTS:Indexer:indexQueuedBatch: Completed", source: https://static.whatsapp.net/rsrc.php/v3/yu/r/tHmilJJWooZ.js (343)
[1015/101752.005:INFO:CONSOLE(343)] "FTS:Indexer:indexQueuedBatch: Starting new batch size : 1000", source: https://static.whatsapp.net/rsrc.php/v3/yu/r/tHmilJJWooZ.js (343)
[1015/101752.015:INFO:CONSOLE(343)] "FTS:Indexer:indexQueuedBatch: Completed", source: https://static.whatsapp.net/rsrc.php/v3/yu/r/tHmilJJWooZ.js (343)
[1015/102021.786:INFO:CONSOLE(123)] "Event handler of 'x-storagemutated-1' event must be added on the initial evaluation of worker script.", source: https://static.whatsapp.net/rsrc.php/v3/y4/r/qOz6qm5rJ33.js (123)
[1015/111831.928:INFO:CONSOLE(343)] "FTS:Indexer:indexQueuedBatch: Starting new batch size : 1000", source: https://static.whatsapp.net/rsrc.php/v3/yu/r/tHmilJJWooZ.js (343)
[1015/111831.928:INFO:CONSOLE(343)] "FTS:Indexer:indexQueuedBatch: Completed", source: https://static.whatsapp.net/rsrc.php/v3/yu/r/tHmilJJWooZ.js (343)
[1015/111832.511:INFO:CONSOLE(343)] "FTS:Indexer:indexQueuedBatch: Starting new batch size : 1000", source: https://static.whatsapp.net/rsrc.php/v3/yu/r/tHmilJJWooZ.js (343)
[1015/111832.520:INFO:CONSOLE(343)] "FTS:Indexer:indexQueuedBatch: Completed", source: https://static.whatsapp.net/rsrc.php/v3/yu/r/tHmilJJWooZ.js (343)
[1015/111952.180:INFO:CONSOLE(343)] "FTS:Indexer:indexQueuedBatch: Starting new batch size : 1000", source: https://static.whatsapp.net/rsrc.php/v3/yu/r/tHmilJJWooZ.js (343)
[1015/111952.223:INFO:CONSOLE(343)] "FTS:Indexer:indexQueuedBatch: Completed", source: https://static.whatsapp.net/rsrc.php/v3/yu/r/tHmilJJWooZ.js (343)
[1015/111952.718:INFO:CONSOLE(123)] "Event handler of 'x-storagemutated-1' event must be added on the initial evaluation of worker script.", source: https://static.whatsapp.net/rsrc.php/v3/y4/r/qOz6qm5rJ33.js (123)
